D:\user\Documents\VS2010\robotfan\Debug\robotfan.pdb
D:\user\Documents\VS2010\robotfan\robotfan\Debug\cl.command.1.tlog
D:\user\Documents\VS2010\robotfan\robotfan\Debug\CL.read.1.tlog
D:\user\Documents\VS2010\robotfan\robotfan\Debug\CL.write.1.tlog
D:\USER\DOCUMENTS\VS2010\ROBOTFAN\ROBOTFAN\DEBUG\DEFINENAME.OBJ
D:\USER\DOCUMENTS\VS2010\ROBOTFAN\ROBOTFAN\DEBUG\DETECT_AREAC.OBJ
D:\USER\DOCUMENTS\VS2010\ROBOTFAN\ROBOTFAN\DEBUG\DETECT_AREAD.OBJ
D:\USER\DOCUMENTS\VS2010\ROBOTFAN\ROBOTFAN\DEBUG\DETECTBLOCK.OBJ
D:\USER\DOCUMENTS\VS2010\ROBOTFAN\ROBOTFAN\DEBUG\DETECTBLUEBLOCK.OBJ
D:\USER\DOCUMENTS\VS2010\ROBOTFAN\ROBOTFAN\DEBUG\DETECTGREENBLOCK.OBJ
D:\USER\DOCUMENTS\VS2010\ROBOTFAN\ROBOTFAN\DEBUG\DETECTOBJECT.OBJ
D:\USER\DOCUMENTS\VS2010\ROBOTFAN\ROBOTFAN\DEBUG\DETECTREDBLOCK.OBJ
D:\USER\DOCUMENTS\VS2010\ROBOTFAN\ROBOTFAN\DEBUG\DETECTYELLOWBLOCK.OBJ
D:\user\Documents\VS2010\robotfan\robotfan\Debug\link.command.1.tlog
D:\user\Documents\VS2010\robotfan\robotfan\Debug\link.read.1.tlog
D:\user\Documents\VS2010\robotfan\robotfan\Debug\link.write.1.tlog
D:\user\Documents\VS2010\robotfan\robotfan\Debug\link-cvtres.read.1.tlog
D:\user\Documents\VS2010\robotfan\robotfan\Debug\link-cvtres.write.1.tlog
D:\USER\DOCUMENTS\VS2010\ROBOTFAN\ROBOTFAN\DEBUG\MAIN.OBJ
D:\USER\DOCUMENTS\VS2010\ROBOTFAN\ROBOTFAN\DEBUG\MANAGER.OBJ
D:\user\Documents\VS2010\robotfan\robotfan\Debug\rc.command.1.tlog
D:\user\Documents\VS2010\robotfan\robotfan\Debug\rc.read.1.tlog
D:\user\Documents\VS2010\robotfan\robotfan\Debug\rc.write.1.tlog
D:\user\Documents\VS2010\robotfan\robotfan\Debug\robotfan.exe.embed.manifest
D:\USER\DOCUMENTS\VS2010\ROBOTFAN\ROBOTFAN\DEBUG\ROBOTFAN.EXE.EMBED.MANIFEST.RES
D:\user\Documents\VS2010\robotfan\robotfan\Debug\robotfan.exe.intermediate.manifest
D:\USER\DOCUMENTS\VS2010\ROBOTFAN\ROBOTFAN\DEBUG\ROBOTFAN.PCH
D:\user\Documents\VS2010\robotfan\robotfan\Debug\robotfan.vcxprojResolveAssemblyReference.cache
D:\user\Documents\VS2010\robotfan\robotfan\Debug\robotfan.write.1.tlog
D:\user\Documents\VS2010\robotfan\robotfan\Debug\robotfan_manifest.rc
D:\USER\DOCUMENTS\VS2010\ROBOTFAN\ROBOTFAN\DEBUG\SERIALPORT.OBJ
D:\USER\DOCUMENTS\VS2010\ROBOTFAN\ROBOTFAN\DEBUG\STDAFX.OBJ
D:\USER\DOCUMENTS\VS2010\ROBOTFAN\ROBOTFAN\DEBUG\SURFFEATUREDETECT.OBJ
D:\user\Documents\VS2010\robotfan\robotfan\Debug\vc100.idb
D:\USER\DOCUMENTS\VS2010\ROBOTFAN\ROBOTFAN\DEBUG\VC100.PDB
D:\USER\DOCUMENTS\VS2010\ROBOTFAN\ROBOTFAN\DEBUG\VIDEO.OBJ
D:\USER\DOCUMENTS\VS2010\ROBOTFAN\ROBOTFAN\DEBUG\VOICE.OBJ
