生成启动时间为 2016-4-20 14:44:16。
     1>项目“D:\user\Documents\VS2010\robotfan\robotfan\robotfan.vcxproj”在节点 2 上(build 个目标)。
     1>InitializeBuildStatus:
         正在对“Debug\robotfan.unsuccessfulbuild”执行 Touch 任务。
       ClCompile:
         所有输出均为最新。
         所有输出均为最新。
       ManifestResourceCompile:
         所有输出均为最新。
       Link:
         E:\VS2010\VC\bin\link.exe /ERRORREPORT:PROMPT /OUT:"D:\user\Documents\VS2010\robotfan\Debug\robotfan.exe" /INCREMENTAL /NOLOGO kernel32.lib user32.lib gdi32.lib winspool.lib comdlg32.lib advapi32.lib shell32.lib ole32.lib oleaut32.lib uuid.lib odbc32.lib odbccp32.lib /MANIFEST /ManifestFile:"Debug\robotfan.exe.intermediate.manifest" /MANIFESTUAC:"level='asInvoker' uiAccess='false'" /DEBUG /PDB:"D:\user\Documents\VS2010\robotfan\Debug\robotfan.pdb" /SUBSYSTEM:CONSOLE /TLBID:1 /DYNAMICBASE /NXCOMPAT /IMPLIB:"D:\user\Documents\VS2010\robotfan\Debug\robotfan.lib" /MACHINE:X86 Debug\robotfan.exe.embed.manifest.res
         Debug\defineName.obj
         Debug\detectBlock.obj
         Debug\detectBlueBlock.obj
         Debug\detectGreenBlock.obj
         Debug\detectObject.obj
         Debug\detectRedBlock.obj
         Debug\detectYellowBlock.obj
         Debug\detect_areac.obj
         Debug\detect_aread.obj
         Debug\main.obj
         Debug\manager.obj
         Debug\SerialPort.obj
         Debug\stdafx.obj
         Debug\surfFeaturedetect.obj
         Debug\video.obj
         Debug\voice.obj
     1>detectBlueBlock.obj : error LNK2019: 无法解析的外部符号 "void __cdecl cv::drawContours(class cv::_OutputArray const &,class cv::_InputArray const &,int,class cv::Scalar_<double> const &,int,int,class cv::_InputArray const &,int,class cv::Point_<int>)" (?drawContours@cv@@YAXABV_OutputArray@1@ABV_InputArray@1@HABV?$Scalar_@N@1@HH1HV?$Point_@H@1@@Z)，该符号在函数 "char __cdecl detectBlueBlock(class cv::Mat)" (?detectBlueBlock@@YADVMat@cv@@@Z) 中被引用
     1>detectGreenBlock.obj : error LNK2001: 无法解析的外部符号 "void __cdecl cv::drawContours(class cv::_OutputArray const &,class cv::_InputArray const &,int,class cv::Scalar_<double> const &,int,int,class cv::_InputArray const &,int,class cv::Point_<int>)" (?drawContours@cv@@YAXABV_OutputArray@1@ABV_InputArray@1@HABV?$Scalar_@N@1@HH1HV?$Point_@H@1@@Z)
     1>detectRedBlock.obj : error LNK2001: 无法解析的外部符号 "void __cdecl cv::drawContours(class cv::_OutputArray const &,class cv::_InputArray const &,int,class cv::Scalar_<double> const &,int,int,class cv::_InputArray const &,int,class cv::Point_<int>)" (?drawContours@cv@@YAXABV_OutputArray@1@ABV_InputArray@1@HABV?$Scalar_@N@1@HH1HV?$Point_@H@1@@Z)
     1>detectYellowBlock.obj : error LNK2001: 无法解析的外部符号 "void __cdecl cv::drawContours(class cv::_OutputArray const &,class cv::_InputArray const &,int,class cv::Scalar_<double> const &,int,int,class cv::_InputArray const &,int,class cv::Point_<int>)" (?drawContours@cv@@YAXABV_OutputArray@1@ABV_InputArray@1@HABV?$Scalar_@N@1@HH1HV?$Point_@H@1@@Z)
     1>detectBlueBlock.obj : error LNK2019: 无法解析的外部符号 "class cv::_OutputArray const & __cdecl cv::noArray(void)" (?noArray@cv@@YAABV_OutputArray@1@XZ)，该符号在函数 "char __cdecl detectBlueBlock(class cv::Mat)" (?detectBlueBlock@@YADVMat@cv@@@Z) 中被引用
     1>detectGreenBlock.obj : error LNK2001: 无法解析的外部符号 "class cv::_OutputArray const & __cdecl cv::noArray(void)" (?noArray@cv@@YAABV_OutputArray@1@XZ)
     1>detectRedBlock.obj : error LNK2001: 无法解析的外部符号 "class cv::_OutputArray const & __cdecl cv::noArray(void)" (?noArray@cv@@YAABV_OutputArray@1@XZ)
     1>detectYellowBlock.obj : error LNK2001: 无法解析的外部符号 "class cv::_OutputArray const & __cdecl cv::noArray(void)" (?noArray@cv@@YAABV_OutputArray@1@XZ)
     1>detectBlueBlock.obj : error LNK2019: 无法解析的外部符号 "double __cdecl cv::arcLength(class cv::_InputArray const &,bool)" (?arcLength@cv@@YANABV_InputArray@1@_N@Z)，该符号在函数 "char __cdecl detectBlueBlock(class cv::Mat)" (?detectBlueBlock@@YADVMat@cv@@@Z) 中被引用
     1>detectGreenBlock.obj : error LNK2001: 无法解析的外部符号 "double __cdecl cv::arcLength(class cv::_InputArray const &,bool)" (?arcLength@cv@@YANABV_InputArray@1@_N@Z)
     1>detectRedBlock.obj : error LNK2001: 无法解析的外部符号 "double __cdecl cv::arcLength(class cv::_InputArray const &,bool)" (?arcLength@cv@@YANABV_InputArray@1@_N@Z)
     1>detectYellowBlock.obj : error LNK2001: 无法解析的外部符号 "double __cdecl cv::arcLength(class cv::_InputArray const &,bool)" (?arcLength@cv@@YANABV_InputArray@1@_N@Z)
     1>detectBlueBlock.obj : error LNK2019: 无法解析的外部符号 "double __cdecl cv::contourArea(class cv::_InputArray const &,bool)" (?contourArea@cv@@YANABV_InputArray@1@_N@Z)，该符号在函数 "char __cdecl detectBlueBlock(class cv::Mat)" (?detectBlueBlock@@YADVMat@cv@@@Z) 中被引用
     1>detectGreenBlock.obj : error LNK2001: 无法解析的外部符号 "double __cdecl cv::contourArea(class cv::_InputArray const &,bool)" (?contourArea@cv@@YANABV_InputArray@1@_N@Z)
     1>detectRedBlock.obj : error LNK2001: 无法解析的外部符号 "double __cdecl cv::contourArea(class cv::_InputArray const &,bool)" (?contourArea@cv@@YANABV_InputArray@1@_N@Z)
     1>detectYellowBlock.obj : error LNK2001: 无法解析的外部符号 "double __cdecl cv::contourArea(class cv::_InputArray const &,bool)" (?contourArea@cv@@YANABV_InputArray@1@_N@Z)
     1>detectBlueBlock.obj : error LNK2019: 无法解析的外部符号 "void __cdecl cv::findContours(class cv::_OutputArray const &,class cv::_OutputArray const &,int,int,class cv::Point_<int>)" (?findContours@cv@@YAXABV_OutputArray@1@0HHV?$Point_@H@1@@Z)，该符号在函数 "char __cdecl detectBlueBlock(class cv::Mat)" (?detectBlueBlock@@YADVMat@cv@@@Z) 中被引用
     1>detectGreenBlock.obj : error LNK2001: 无法解析的外部符号 "void __cdecl cv::findContours(class cv::_OutputArray const &,class cv::_OutputArray const &,int,int,class cv::Point_<int>)" (?findContours@cv@@YAXABV_OutputArray@1@0HHV?$Point_@H@1@@Z)
     1>detectRedBlock.obj : error LNK2001: 无法解析的外部符号 "void __cdecl cv::findContours(class cv::_OutputArray const &,class cv::_OutputArray const &,int,int,class cv::Point_<int>)" (?findContours@cv@@YAXABV_OutputArray@1@0HHV?$Point_@H@1@@Z)
     1>detectYellowBlock.obj : error LNK2001: 无法解析的外部符号 "void __cdecl cv::findContours(class cv::_OutputArray const &,class cv::_OutputArray const &,int,int,class cv::Point_<int>)" (?findContours@cv@@YAXABV_OutputArray@1@0HHV?$Point_@H@1@@Z)
     1>detectBlueBlock.obj : error LNK2019: 无法解析的外部符号 "void __cdecl cv::morphologyEx(class cv::_InputArray const &,class cv::_OutputArray const &,int,class cv::_InputArray const &,class cv::Point_<int>,int,int,class cv::Scalar_<double> const &)" (?morphologyEx@cv@@YAXABV_InputArray@1@ABV_OutputArray@1@H0V?$Point_@H@1@HHABV?$Scalar_@N@1@@Z)，该符号在函数 "char __cdecl detectBlueBlock(class cv::Mat)" (?detectBlueBlock@@YADVMat@cv@@@Z) 中被引用
     1>detectGreenBlock.obj : error LNK2001: 无法解析的外部符号 "void __cdecl cv::morphologyEx(class cv::_InputArray const &,class cv::_OutputArray const &,int,class cv::_InputArray const &,class cv::Point_<int>,int,int,class cv::Scalar_<double> const &)" (?morphologyEx@cv@@YAXABV_InputArray@1@ABV_OutputArray@1@H0V?$Point_@H@1@HHABV?$Scalar_@N@1@@Z)
     1>detectRedBlock.obj : error LNK2001: 无法解析的外部符号 "void __cdecl cv::morphologyEx(class cv::_InputArray const &,class cv::_OutputArray const &,int,class cv::_InputArray const &,class cv::Point_<int>,int,int,class cv::Scalar_<double> const &)" (?morphologyEx@cv@@YAXABV_InputArray@1@ABV_OutputArray@1@H0V?$Point_@H@1@HHABV?$Scalar_@N@1@@Z)
     1>detectYellowBlock.obj : error LNK2001: 无法解析的外部符号 "void __cdecl cv::morphologyEx(class cv::_InputArray const &,class cv::_OutputArray const &,int,class cv::_InputArray const &,class cv::Point_<int>,int,int,class cv::Scalar_<double> const &)" (?morphologyEx@cv@@YAXABV_InputArray@1@ABV_OutputArray@1@H0V?$Point_@H@1@HHABV?$Scalar_@N@1@@Z)
     1>detectBlueBlock.obj : error LNK2019: 无法解析的外部符号 "void __cdecl cv::copyMakeBorder(class cv::_InputArray const &,class cv::_OutputArray const &,int,int,int,int,int,class cv::Scalar_<double> const &)" (?copyMakeBorder@cv@@YAXABV_InputArray@1@ABV_OutputArray@1@HHHHHABV?$Scalar_@N@1@@Z)，该符号在函数 "char __cdecl detectBlueBlock(class cv::Mat)" (?detectBlueBlock@@YADVMat@cv@@@Z) 中被引用
     1>detectGreenBlock.obj : error LNK2001: 无法解析的外部符号 "void __cdecl cv::copyMakeBorder(class cv::_InputArray const &,class cv::_OutputArray const &,int,int,int,int,int,class cv::Scalar_<double> const &)" (?copyMakeBorder@cv@@YAXABV_InputArray@1@ABV_OutputArray@1@HHHHHABV?$Scalar_@N@1@@Z)
     1>detectRedBlock.obj : error LNK2001: 无法解析的外部符号 "void __cdecl cv::copyMakeBorder(class cv::_InputArray const &,class cv::_OutputArray const &,int,int,int,int,int,class cv::Scalar_<double> const &)" (?copyMakeBorder@cv@@YAXABV_InputArray@1@ABV_OutputArray@1@HHHHHABV?$Scalar_@N@1@@Z)
     1>detectYellowBlock.obj : error LNK2001: 无法解析的外部符号 "void __cdecl cv::copyMakeBorder(class cv::_InputArray const &,class cv::_OutputArray const &,int,int,int,int,int,class cv::Scalar_<double> const &)" (?copyMakeBorder@cv@@YAXABV_InputArray@1@ABV_OutputArray@1@HHHHHABV?$Scalar_@N@1@@Z)
     1>detectBlueBlock.obj : error LNK2019: 无法解析的外部符号 "class cv::MatExpr __cdecl cv::operator+(class cv::MatExpr const &,class cv::Mat const &)" (??Hcv@@YA?AVMatExpr@0@ABV10@ABVMat@0@@Z)，该符号在函数 "char __cdecl detectBlueBlock(class cv::Mat)" (?detectBlueBlock@@YADVMat@cv@@@Z) 中被引用
     1>detectGreenBlock.obj : error LNK2001: 无法解析的外部符号 "class cv::MatExpr __cdecl cv::operator+(class cv::MatExpr const &,class cv::Mat const &)" (??Hcv@@YA?AVMatExpr@0@ABV10@ABVMat@0@@Z)
     1>detectRedBlock.obj : error LNK2001: 无法解析的外部符号 "class cv::MatExpr __cdecl cv::operator+(class cv::MatExpr const &,class cv::Mat const &)" (??Hcv@@YA?AVMatExpr@0@ABV10@ABVMat@0@@Z)
     1>detectYellowBlock.obj : error LNK2001: 无法解析的外部符号 "class cv::MatExpr __cdecl cv::operator+(class cv::MatExpr const &,class cv::Mat const &)" (??Hcv@@YA?AVMatExpr@0@ABV10@ABVMat@0@@Z)
     1>detectBlueBlock.obj : error LNK2019: 无法解析的外部符号 "class cv::MatExpr __cdecl cv::operator+(class cv::Mat const &,class cv::Mat const &)" (??Hcv@@YA?AVMatExpr@0@ABVMat@0@0@Z)，该符号在函数 "char __cdecl detectBlueBlock(class cv::Mat)" (?detectBlueBlock@@YADVMat@cv@@@Z) 中被引用
     1>detectGreenBlock.obj : error LNK2001: 无法解析的外部符号 "class cv::MatExpr __cdecl cv::operator+(class cv::Mat const &,class cv::Mat const &)" (??Hcv@@YA?AVMatExpr@0@ABVMat@0@0@Z)
     1>detectRedBlock.obj : error LNK2001: 无法解析的外部符号 "class cv::MatExpr __cdecl cv::operator+(class cv::Mat const &,class cv::Mat const &)" (??Hcv@@YA?AVMatExpr@0@ABVMat@0@0@Z)
     1>detectYellowBlock.obj : error LNK2001: 无法解析的外部符号 "class cv::MatExpr __cdecl cv::operator+(class cv::Mat const &,class cv::Mat const &)" (??Hcv@@YA?AVMatExpr@0@ABVMat@0@0@Z)
     1>detectBlueBlock.obj : error LNK2019: 无法解析的外部符号 "double __cdecl cv::threshold(class cv::_InputArray const &,class cv::_OutputArray const &,double,double,int)" (?threshold@cv@@YANABV_InputArray@1@ABV_OutputArray@1@NNH@Z)，该符号在函数 "char __cdecl detectBlueBlock(class cv::Mat)" (?detectBlueBlock@@YADVMat@cv@@@Z) 中被引用
     1>detectGreenBlock.obj : error LNK2001: 无法解析的外部符号 "double __cdecl cv::threshold(class cv::_InputArray const &,class cv::_OutputArray const &,double,double,int)" (?threshold@cv@@YANABV_InputArray@1@ABV_OutputArray@1@NNH@Z)
     1>detectRedBlock.obj : error LNK2001: 无法解析的外部符号 "double __cdecl cv::threshold(class cv::_InputArray const &,class cv::_OutputArray const &,double,double,int)" (?threshold@cv@@YANABV_InputArray@1@ABV_OutputArray@1@NNH@Z)
     1>detectYellowBlock.obj : error LNK2001: 无法解析的外部符号 "double __cdecl cv::threshold(class cv::_InputArray const &,class cv::_OutputArray const &,double,double,int)" (?threshold@cv@@YANABV_InputArray@1@ABV_OutputArray@1@NNH@Z)
     1>main.obj : error LNK2001: 无法解析的外部符号 "public: __thiscall cv::_InputArray::_InputArray(class cv::Mat const &)" (??0_InputArray@cv@@QAE@ABVMat@1@@Z)
     1>video.obj : error LNK2019: 无法解析的外部符号 "public: __thiscall cv::_InputArray::_InputArray(class cv::Mat const &)" (??0_InputArray@cv@@QAE@ABVMat@1@@Z)，该符号在函数 "public: __thiscall std::basic_string<char,struct std::char_traits<char>,class std::allocator<char> >::basic_string<char,struct std::char_traits<char>,class std::allocator<char> >(char const *)" (??0?$basic_string@DU?$char_traits@D@std@@V?$allocator@D@2@@std@@QAE@PBD@Z) 中被引用
     1>detectBlueBlock.obj : error LNK2001: 无法解析的外部符号 "public: __thiscall cv::_InputArray::_InputArray(class cv::Mat const &)" (??0_InputArray@cv@@QAE@ABVMat@1@@Z)
     1>detectGreenBlock.obj : error LNK2001: 无法解析的外部符号 "public: __thiscall cv::_InputArray::_InputArray(class cv::Mat const &)" (??0_InputArray@cv@@QAE@ABVMat@1@@Z)
     1>detectRedBlock.obj : error LNK2001: 无法解析的外部符号 "public: __thiscall cv::_InputArray::_InputArray(class cv::Mat const &)" (??0_InputArray@cv@@QAE@ABVMat@1@@Z)
     1>detectYellowBlock.obj : error LNK2001: 无法解析的外部符号 "public: __thiscall cv::_InputArray::_InputArray(class cv::Mat const &)" (??0_InputArray@cv@@QAE@ABVMat@1@@Z)
     1>detectBlueBlock.obj : error LNK2019: 无法解析的外部符号 "public: __thiscall cv::_OutputArray::_OutputArray(class cv::Mat &)" (??0_OutputArray@cv@@QAE@AAVMat@1@@Z)，该符号在函数 "char __cdecl detectBlueBlock(class cv::Mat)" (?detectBlueBlock@@YADVMat@cv@@@Z) 中被引用
     1>detectGreenBlock.obj : error LNK2001: 无法解析的外部符号 "public: __thiscall cv::_OutputArray::_OutputArray(class cv::Mat &)" (??0_OutputArray@cv@@QAE@AAVMat@1@@Z)
     1>detectRedBlock.obj : error LNK2001: 无法解析的外部符号 "public: __thiscall cv::_OutputArray::_OutputArray(class cv::Mat &)" (??0_OutputArray@cv@@QAE@AAVMat@1@@Z)
     1>detectYellowBlock.obj : error LNK2001: 无法解析的外部符号 "public: __thiscall cv::_OutputArray::_OutputArray(class cv::Mat &)" (??0_OutputArray@cv@@QAE@AAVMat@1@@Z)
     1>detectYellowBlock.obj : error LNK2019: 无法解析的外部符号 "public: class cv::Mat & __thiscall cv::Mat::operator=(class cv::Scalar_<double> const &)" (??4Mat@cv@@QAEAAV01@ABV?$Scalar_@N@1@@Z)，该符号在函数 "public: __thiscall cv::Mat::Mat(class cv::Size_<int>,int,class cv::Scalar_<double> const &)" (??0Mat@cv@@QAE@V?$Size_@H@1@HABV?$Scalar_@N@1@@Z) 中被引用
     1>detectBlueBlock.obj : error LNK2001: 无法解析的外部符号 "public: class cv::Mat & __thiscall cv::Mat::operator=(class cv::Scalar_<double> const &)" (??4Mat@cv@@QAEAAV01@ABV?$Scalar_@N@1@@Z)
     1>detectGreenBlock.obj : error LNK2001: 无法解析的外部符号 "public: class cv::Mat & __thiscall cv::Mat::operator=(class cv::Scalar_<double> const &)" (??4Mat@cv@@QAEAAV01@ABV?$Scalar_@N@1@@Z)
     1>detectObject.obj : error LNK2001: 无法解析的外部符号 "public: class cv::Mat & __thiscall cv::Mat::operator=(class cv::Scalar_<double> const &)" (??4Mat@cv@@QAEAAV01@ABV?$Scalar_@N@1@@Z)
     1>detectRedBlock.obj : error LNK2001: 无法解析的外部符号 "public: class cv::Mat & __thiscall cv::Mat::operator=(class cv::Scalar_<double> const &)" (??4Mat@cv@@QAEAAV01@ABV?$Scalar_@N@1@@Z)
     1>manager.obj : error LNK2001: 无法解析的外部符号 "void __cdecl cv::fastFree(void *)" (?fastFree@cv@@YAXPAX@Z)
     1>surfFeaturedetect.obj : error LNK2001: 无法解析的外部符号 "void __cdecl cv::fastFree(void *)" (?fastFree@cv@@YAXPAX@Z)
     1>video.obj : error LNK2019: 无法解析的外部符号 "void __cdecl cv::fastFree(void *)" (?fastFree@cv@@YAXPAX@Z)，该符号在函数 "public: static unsigned int __cdecl std::char_traits<char>::length(char const *)" (?length@?$char_traits@D@std@@SAIPBD@Z) 中被引用
     1>detectYellowBlock.obj : error LNK2001: 无法解析的外部符号 "void __cdecl cv::fastFree(void *)" (?fastFree@cv@@YAXPAX@Z)
     1>detect_areac.obj : error LNK2001: 无法解析的外部符号 "void __cdecl cv::fastFree(void *)" (?fastFree@cv@@YAXPAX@Z)
     1>detect_aread.obj : error LNK2001: 无法解析的外部符号 "void __cdecl cv::fastFree(void *)" (?fastFree@cv@@YAXPAX@Z)
     1>main.obj : error LNK2001: 无法解析的外部符号 "void __cdecl cv::fastFree(void *)" (?fastFree@cv@@YAXPAX@Z)
     1>detectBlueBlock.obj : error LNK2001: 无法解析的外部符号 "void __cdecl cv::fastFree(void *)" (?fastFree@cv@@YAXPAX@Z)
     1>detectGreenBlock.obj : error LNK2001: 无法解析的外部符号 "void __cdecl cv::fastFree(void *)" (?fastFree@cv@@YAXPAX@Z)
     1>detectObject.obj : error LNK2001: 无法解析的外部符号 "void __cdecl cv::fastFree(void *)" (?fastFree@cv@@YAXPAX@Z)
     1>detectRedBlock.obj : error LNK2001: 无法解析的外部符号 "void __cdecl cv::fastFree(void *)" (?fastFree@cv@@YAXPAX@Z)
     1>detectYellowBlock.obj : error LNK2019: 无法解析的外部符号 "public: void __thiscall cv::Mat::create(int,int const *,int)" (?create@Mat@cv@@QAEXHPBHH@Z)，该符号在函数 "public: void __thiscall cv::Mat::create(int,int,int)" (?create@Mat@cv@@QAEXHHH@Z) 中被引用
     1>detectBlueBlock.obj : error LNK2001: 无法解析的外部符号 "public: void __thiscall cv::Mat::create(int,int const *,int)" (?create@Mat@cv@@QAEXHPBHH@Z)
     1>detectGreenBlock.obj : error LNK2001: 无法解析的外部符号 "public: void __thiscall cv::Mat::create(int,int const *,int)" (?create@Mat@cv@@QAEXHPBHH@Z)
     1>detectObject.obj : error LNK2001: 无法解析的外部符号 "public: void __thiscall cv::Mat::create(int,int const *,int)" (?create@Mat@cv@@QAEXHPBHH@Z)
     1>detectRedBlock.obj : error LNK2001: 无法解析的外部符号 "public: void __thiscall cv::Mat::create(int,int const *,int)" (?create@Mat@cv@@QAEXHPBHH@Z)
     1>manager.obj : error LNK2001: 无法解析的外部符号 "public: void __thiscall cv::Mat::deallocate(void)" (?deallocate@Mat@cv@@QAEXXZ)
     1>surfFeaturedetect.obj : error LNK2001: 无法解析的外部符号 "public: void __thiscall cv::Mat::deallocate(void)" (?deallocate@Mat@cv@@QAEXXZ)
     1>video.obj : error LNK2001: 无法解析的外部符号 "public: void __thiscall cv::Mat::deallocate(void)" (?deallocate@Mat@cv@@QAEXXZ)
     1>detectYellowBlock.obj : error LNK2019: 无法解析的外部符号 "public: void __thiscall cv::Mat::deallocate(void)" (?deallocate@Mat@cv@@QAEXXZ)，该符号在函数 "public: void __thiscall cv::Mat::release(void)" (?release@Mat@cv@@QAEXXZ) 中被引用
     1>detect_areac.obj : error LNK2001: 无法解析的外部符号 "public: void __thiscall cv::Mat::deallocate(void)" (?deallocate@Mat@cv@@QAEXXZ)
     1>detect_aread.obj : error LNK2001: 无法解析的外部符号 "public: void __thiscall cv::Mat::deallocate(void)" (?deallocate@Mat@cv@@QAEXXZ)
     1>main.obj : error LNK2001: 无法解析的外部符号 "public: void __thiscall cv::Mat::deallocate(void)" (?deallocate@Mat@cv@@QAEXXZ)
     1>detectBlueBlock.obj : error LNK2001: 无法解析的外部符号 "public: void __thiscall cv::Mat::deallocate(void)" (?deallocate@Mat@cv@@QAEXXZ)
     1>detectGreenBlock.obj : error LNK2001: 无法解析的外部符号 "public: void __thiscall cv::Mat::deallocate(void)" (?deallocate@Mat@cv@@QAEXXZ)
     1>detectObject.obj : error LNK2001: 无法解析的外部符号 "public: void __thiscall cv::Mat::deallocate(void)" (?deallocate@Mat@cv@@QAEXXZ)
     1>detectRedBlock.obj : error LNK2001: 无法解析的外部符号 "public: void __thiscall cv::Mat::deallocate(void)" (?deallocate@Mat@cv@@QAEXXZ)
     1>manager.obj : error LNK2001: 无法解析的外部符号 "int __cdecl cv::_interlockedExchangeAdd(int *,int)" (?_interlockedExchangeAdd@cv@@YAHPAHH@Z)
     1>surfFeaturedetect.obj : error LNK2019: 无法解析的外部符号 "int __cdecl cv::_interlockedExchangeAdd(int *,int)" (?_interlockedExchangeAdd@cv@@YAHPAHH@Z)，该符号在函数 "bool __cdecl surfFeaturedetect(class cv::Mat,class std::basic_string<char,struct std::char_traits<char>,class std::allocator<char> >)" (?surfFeaturedetect@@YA_NVMat@cv@@V?$basic_string@DU?$char_traits@D@std@@V?$allocator@D@2@@std@@@Z) 中被引用
     1>video.obj : error LNK2001: 无法解析的外部符号 "int __cdecl cv::_interlockedExchangeAdd(int *,int)" (?_interlockedExchangeAdd@cv@@YAHPAHH@Z)
     1>detectYellowBlock.obj : error LNK2001: 无法解析的外部符号 "int __cdecl cv::_interlockedExchangeAdd(int *,int)" (?_interlockedExchangeAdd@cv@@YAHPAHH@Z)
     1>detect_areac.obj : error LNK2001: 无法解析的外部符号 "int __cdecl cv::_interlockedExchangeAdd(int *,int)" (?_interlockedExchangeAdd@cv@@YAHPAHH@Z)
     1>detect_aread.obj : error LNK2001: 无法解析的外部符号 "int __cdecl cv::_interlockedExchangeAdd(int *,int)" (?_interlockedExchangeAdd@cv@@YAHPAHH@Z)
     1>main.obj : error LNK2001: 无法解析的外部符号 "int __cdecl cv::_interlockedExchangeAdd(int *,int)" (?_interlockedExchangeAdd@cv@@YAHPAHH@Z)
     1>detectBlueBlock.obj : error LNK2001: 无法解析的外部符号 "int __cdecl cv::_interlockedExchangeAdd(int *,int)" (?_interlockedExchangeAdd@cv@@YAHPAHH@Z)
     1>detectGreenBlock.obj : error LNK2001: 无法解析的外部符号 "int __cdecl cv::_interlockedExchangeAdd(int *,int)" (?_interlockedExchangeAdd@cv@@YAHPAHH@Z)
     1>detectObject.obj : error LNK2001: 无法解析的外部符号 "int __cdecl cv::_interlockedExchangeAdd(int *,int)" (?_interlockedExchangeAdd@cv@@YAHPAHH@Z)
     1>detectRedBlock.obj : error LNK2001: 无法解析的外部符号 "int __cdecl cv::_interlockedExchangeAdd(int *,int)" (?_interlockedExchangeAdd@cv@@YAHPAHH@Z)
     1>detectYellowBlock.obj : error LNK2019: 无法解析的外部符号 "public: virtual __thiscall cv::Exception::~Exception(void)" (??1Exception@cv@@UAE@XZ)，该符号在函数 "public: class cv::Size_<int> __thiscall cv::Mat::MSize::operator()(void)const " (??RMSize@Mat@cv@@QBE?AV?$Size_@H@2@XZ) 中被引用
     1>detectBlueBlock.obj : error LNK2001: 无法解析的外部符号 "public: virtual __thiscall cv::Exception::~Exception(void)" (??1Exception@cv@@UAE@XZ)
     1>detectGreenBlock.obj : error LNK2001: 无法解析的外部符号 "public: virtual __thiscall cv::Exception::~Exception(void)" (??1Exception@cv@@UAE@XZ)
     1>detectObject.obj : error LNK2001: 无法解析的外部符号 "public: virtual __thiscall cv::Exception::~Exception(void)" (??1Exception@cv@@UAE@XZ)
     1>detectRedBlock.obj : error LNK2001: 无法解析的外部符号 "public: virtual __thiscall cv::Exception::~Exception(void)" (??1Exception@cv@@UAE@XZ)
     1>detectYellowBlock.obj : error LNK2019: 无法解析的外部符号 "void __cdecl cv::error(class cv::Exception const &)" (?error@cv@@YAXABVException@1@@Z)，该符号在函数 "public: class cv::Size_<int> __thiscall cv::Mat::MSize::operator()(void)const " (??RMSize@Mat@cv@@QBE?AV?$Size_@H@2@XZ) 中被引用
     1>detectBlueBlock.obj : error LNK2001: 无法解析的外部符号 "void __cdecl cv::error(class cv::Exception const &)" (?error@cv@@YAXABVException@1@@Z)
     1>detectGreenBlock.obj : error LNK2001: 无法解析的外部符号 "void __cdecl cv::error(class cv::Exception const &)" (?error@cv@@YAXABVException@1@@Z)
     1>detectObject.obj : error LNK2001: 无法解析的外部符号 "void __cdecl cv::error(class cv::Exception const &)" (?error@cv@@YAXABVException@1@@Z)
     1>detectRedBlock.obj : error LNK2001: 无法解析的外部符号 "void __cdecl cv::error(class cv::Exception const &)" (?error@cv@@YAXABVException@1@@Z)
     1>detectYellowBlock.obj : error LNK2019: 无法解析的外部符号 "public: __thiscall cv::Exception::Exception(int,class std::basic_string<char,struct std::char_traits<char>,class std::allocator<char> > const &,class std::basic_string<char,struct std::char_traits<char>,class std::allocator<char> > const &,class std::basic_string<char,struct std::char_traits<char>,class std::allocator<char> > const &,int)" (??0Exception@cv@@QAE@HABV?$basic_string@DU?$char_traits@D@std@@V?$allocator@D@2@@std@@00H@Z)，该符号在函数 "public: class cv::Size_<int> __thiscall cv::Mat::MSize::operator()(void)const " (??RMSize@Mat@cv@@QBE?AV?$Size_@H@2@XZ) 中被引用
     1>detectBlueBlock.obj : error LNK2001: 无法解析的外部符号 "public: __thiscall cv::Exception::Exception(int,class std::basic_string<char,struct std::char_traits<char>,class std::allocator<char> > const &,class std::basic_string<char,struct std::char_traits<char>,class std::allocator<char> > const &,class std::basic_string<char,struct std::char_traits<char>,class std::allocator<char> > const &,int)" (??0Exception@cv@@QAE@HABV?$basic_string@DU?$char_traits@D@std@@V?$allocator@D@2@@std@@00H@Z)
     1>detectGreenBlock.obj : error LNK2001: 无法解析的外部符号 "public: __thiscall cv::Exception::Exception(int,class std::basic_string<char,struct std::char_traits<char>,class std::allocator<char> > const &,class std::basic_string<char,struct std::char_traits<char>,class std::allocator<char> > const &,class std::basic_string<char,struct std::char_traits<char>,class std::allocator<char> > const &,int)" (??0Exception@cv@@QAE@HABV?$basic_string@DU?$char_traits@D@std@@V?$allocator@D@2@@std@@00H@Z)
     1>detectObject.obj : error LNK2001: 无法解析的外部符号 "public: __thiscall cv::Exception::Exception(int,class std::basic_string<char,struct std::char_traits<char>,class std::allocator<char> > const &,class std::basic_string<char,struct std::char_traits<char>,class std::allocator<char> > const &,class std::basic_string<char,struct std::char_traits<char>,class std::allocator<char> > const &,int)" (??0Exception@cv@@QAE@HABV?$basic_string@DU?$char_traits@D@std@@V?$allocator@D@2@@std@@00H@Z)
     1>detectRedBlock.obj : error LNK2001: 无法解析的外部符号 "public: __thiscall cv::Exception::Exception(int,class std::basic_string<char,struct std::char_traits<char>,class std::allocator<char> > const &,class std::basic_string<char,struct std::char_traits<char>,class std::allocator<char> > const &,class std::basic_string<char,struct std::char_traits<char>,class std::allocator<char> > const &,int)" (??0Exception@cv@@QAE@HABV?$basic_string@DU?$char_traits@D@std@@V?$allocator@D@2@@std@@00H@Z)
     1>detectBlueBlock.obj : error LNK2019: 无法解析的外部符号 "void __cdecl cv::calcHist(class cv::Mat const *,int,int const *,class cv::_InputArray const &,class cv::_OutputArray const &,int,int const *,float const * *,bool,bool)" (?calcHist@cv@@YAXPBVMat@1@HPBHABV_InputArray@1@ABV_OutputArray@1@H1PAPBM_N5@Z)，该符号在函数 "public: class cv::Mat __thiscall ColorHistogram::getHueHistogram(class cv::Mat const &,int)" (?getHueHistogram@ColorHistogram@@QAE?AVMat@cv@@ABV23@H@Z) 中被引用
     1>detectGreenBlock.obj : error LNK2001: 无法解析的外部符号 "void __cdecl cv::calcHist(class cv::Mat const *,int,int const *,class cv::_InputArray const &,class cv::_OutputArray const &,int,int const *,float const * *,bool,bool)" (?calcHist@cv@@YAXPBVMat@1@HPBHABV_InputArray@1@ABV_OutputArray@1@H1PAPBM_N5@Z)
     1>detectRedBlock.obj : error LNK2001: 无法解析的外部符号 "void __cdecl cv::calcHist(class cv::Mat const *,int,int const *,class cv::_InputArray const &,class cv::_OutputArray const &,int,int const *,float const * *,bool,bool)" (?calcHist@cv@@YAXPBVMat@1@HPBHABV_InputArray@1@ABV_OutputArray@1@H1PAPBM_N5@Z)
     1>detectYellowBlock.obj : error LNK2001: 无法解析的外部符号 "void __cdecl cv::calcHist(class cv::Mat const *,int,int const *,class cv::_InputArray const &,class cv::_OutputArray const &,int,int const *,float const * *,bool,bool)" (?calcHist@cv@@YAXPBVMat@1@HPBHABV_InputArray@1@ABV_OutputArray@1@H1PAPBM_N5@Z)
     1>detectBlueBlock.obj : error LNK2019: 无法解析的外部符号 "void __cdecl cv::split(class cv::Mat const &,class std::vector<class cv::Mat,class std::allocator<class cv::Mat> > &)" (?split@cv@@YAXABVMat@1@AAV?$vector@VMat@cv@@V?$allocator@VMat@cv@@@std@@@std@@@Z)，该符号在函数 "public: class cv::Mat __thiscall ColorHistogram::getHueHistogram(class cv::Mat const &,int)" (?getHueHistogram@ColorHistogram@@QAE?AVMat@cv@@ABV23@H@Z) 中被引用
     1>detectGreenBlock.obj : error LNK2001: 无法解析的外部符号 "void __cdecl cv::split(class cv::Mat const &,class std::vector<class cv::Mat,class std::allocator<class cv::Mat> > &)" (?split@cv@@YAXABVMat@1@AAV?$vector@VMat@cv@@V?$allocator@VMat@cv@@@std@@@std@@@Z)
     1>detectRedBlock.obj : error LNK2001: 无法解析的外部符号 "void __cdecl cv::split(class cv::Mat const &,class std::vector<class cv::Mat,class std::allocator<class cv::Mat> > &)" (?split@cv@@YAXABVMat@1@AAV?$vector@VMat@cv@@V?$allocator@VMat@cv@@@std@@@std@@@Z)
     1>detectYellowBlock.obj : error LNK2001: 无法解析的外部符号 "void __cdecl cv::split(class cv::Mat const &,class std::vector<class cv::Mat,class std::allocator<class cv::Mat> > &)" (?split@cv@@YAXABVMat@1@AAV?$vector@VMat@cv@@V?$allocator@VMat@cv@@@std@@@std@@@Z)
     1>detectBlueBlock.obj : error LNK2019: 无法解析的外部符号 "void __cdecl cv::cvtColor(class cv::_InputArray const &,class cv::_OutputArray const &,int,int)" (?cvtColor@cv@@YAXABV_InputArray@1@ABV_OutputArray@1@HH@Z)，该符号在函数 "public: class cv::Mat __thiscall ColorHistogram::getHueHistogram(class cv::Mat const &,int)" (?getHueHistogram@ColorHistogram@@QAE?AVMat@cv@@ABV23@H@Z) 中被引用
     1>detectGreenBlock.obj : error LNK2001: 无法解析的外部符号 "void __cdecl cv::cvtColor(class cv::_InputArray const &,class cv::_OutputArray const &,int,int)" (?cvtColor@cv@@YAXABV_InputArray@1@ABV_OutputArray@1@HH@Z)
     1>detectRedBlock.obj : error LNK2001: 无法解析的外部符号 "void __cdecl cv::cvtColor(class cv::_InputArray const &,class cv::_OutputArray const &,int,int)" (?cvtColor@cv@@YAXABV_InputArray@1@ABV_OutputArray@1@HH@Z)
     1>detectYellowBlock.obj : error LNK2001: 无法解析的外部符号 "void __cdecl cv::cvtColor(class cv::_InputArray const &,class cv::_OutputArray const &,int,int)" (?cvtColor@cv@@YAXABV_InputArray@1@ABV_OutputArray@1@HH@Z)
     1>video.obj : error LNK2001: 无法解析的外部符号 "public: void __thiscall cv::Mat::copySize(class cv::Mat const &)" (?copySize@Mat@cv@@QAEXABV12@@Z)
     1>detectYellowBlock.obj : error LNK2019: 无法解析的外部符号 "public: void __thiscall cv::Mat::copySize(class cv::Mat const &)" (?copySize@Mat@cv@@QAEXABV12@@Z)，该符号在函数 "public: __thiscall cv::Mat::Mat(class cv::Mat const &)" (??0Mat@cv@@QAE@ABV01@@Z) 中被引用
     1>detect_areac.obj : error LNK2001: 无法解析的外部符号 "public: void __thiscall cv::Mat::copySize(class cv::Mat const &)" (?copySize@Mat@cv@@QAEXABV12@@Z)
     1>detect_aread.obj : error LNK2001: 无法解析的外部符号 "public: void __thiscall cv::Mat::copySize(class cv::Mat const &)" (?copySize@Mat@cv@@QAEXABV12@@Z)
     1>manager.obj : error LNK2001: 无法解析的外部符号 "public: void __thiscall cv::Mat::copySize(class cv::Mat const &)" (?copySize@Mat@cv@@QAEXABV12@@Z)
     1>detectBlueBlock.obj : error LNK2001: 无法解析的外部符号 "public: void __thiscall cv::Mat::copySize(class cv::Mat const &)" (?copySize@Mat@cv@@QAEXABV12@@Z)
     1>detectGreenBlock.obj : error LNK2001: 无法解析的外部符号 "public: void __thiscall cv::Mat::copySize(class cv::Mat const &)" (?copySize@Mat@cv@@QAEXABV12@@Z)
     1>detectObject.obj : error LNK2001: 无法解析的外部符号 "public: void __thiscall cv::Mat::copySize(class cv::Mat const &)" (?copySize@Mat@cv@@QAEXABV12@@Z)
     1>detectRedBlock.obj : error LNK2001: 无法解析的外部符号 "public: void __thiscall cv::Mat::copySize(class cv::Mat const &)" (?copySize@Mat@cv@@QAEXABV12@@Z)
     1>detectBlueBlock.obj : error LNK2001: 无法解析的外部符号 "public: virtual class cv::Mat __thiscall cv::_InputArray::getMat(int)const " (?getMat@_InputArray@cv@@UBE?AVMat@2@H@Z)
     1>detectGreenBlock.obj : error LNK2001: 无法解析的外部符号 "public: virtual class cv::Mat __thiscall cv::_InputArray::getMat(int)const " (?getMat@_InputArray@cv@@UBE?AVMat@2@H@Z)
     1>detectRedBlock.obj : error LNK2001: 无法解析的外部符号 "public: virtual class cv::Mat __thiscall cv::_InputArray::getMat(int)const " (?getMat@_InputArray@cv@@UBE?AVMat@2@H@Z)
     1>detectYellowBlock.obj : error LNK2001: 无法解析的外部符号 "public: virtual class cv::Mat __thiscall cv::_InputArray::getMat(int)const " (?getMat@_InputArray@cv@@UBE?AVMat@2@H@Z)
     1>detectBlueBlock.obj : error LNK2001: 无法解析的外部符号 "public: virtual void __thiscall cv::_InputArray::getMatVector(class std::vector<class cv::Mat,class std::allocator<class cv::Mat> > &)const " (?getMatVector@_InputArray@cv@@UBEXAAV?$vector@VMat@cv@@V?$allocator@VMat@cv@@@std@@@std@@@Z)
     1>detectGreenBlock.obj : error LNK2001: 无法解析的外部符号 "public: virtual void __thiscall cv::_InputArray::getMatVector(class std::vector<class cv::Mat,class std::allocator<class cv::Mat> > &)const " (?getMatVector@_InputArray@cv@@UBEXAAV?$vector@VMat@cv@@V?$allocator@VMat@cv@@@std@@@std@@@Z)
     1>detectRedBlock.obj : error LNK2001: 无法解析的外部符号 "public: virtual void __thiscall cv::_InputArray::getMatVector(class std::vector<class cv::Mat,class std::allocator<class cv::Mat> > &)const " (?getMatVector@_InputArray@cv@@UBEXAAV?$vector@VMat@cv@@V?$allocator@VMat@cv@@@std@@@std@@@Z)
     1>detectYellowBlock.obj : error LNK2001: 无法解析的外部符号 "public: virtual void __thiscall cv::_InputArray::getMatVector(class std::vector<class cv::Mat,class std::allocator<class cv::Mat> > &)const " (?getMatVector@_InputArray@cv@@UBEXAAV?$vector@VMat@cv@@V?$allocator@VMat@cv@@@std@@@std@@@Z)
     1>detectBlueBlock.obj : error LNK2001: 无法解析的外部符号 "public: virtual class cv::GlBuffer __thiscall cv::_InputArray::getGlBuffer(void)const " (?getGlBuffer@_InputArray@cv@@UBE?AVGlBuffer@2@XZ)
     1>detectGreenBlock.obj : error LNK2001: 无法解析的外部符号 "public: virtual class cv::GlBuffer __thiscall cv::_InputArray::getGlBuffer(void)const " (?getGlBuffer@_InputArray@cv@@UBE?AVGlBuffer@2@XZ)
     1>detectRedBlock.obj : error LNK2001: 无法解析的外部符号 "public: virtual class cv::GlBuffer __thiscall cv::_InputArray::getGlBuffer(void)const " (?getGlBuffer@_InputArray@cv@@UBE?AVGlBuffer@2@XZ)
     1>detectYellowBlock.obj : error LNK2001: 无法解析的外部符号 "public: virtual class cv::GlBuffer __thiscall cv::_InputArray::getGlBuffer(void)const " (?getGlBuffer@_InputArray@cv@@UBE?AVGlBuffer@2@XZ)
     1>detectBlueBlock.obj : error LNK2001: 无法解析的外部符号 "public: virtual class cv::GlTexture __thiscall cv::_InputArray::getGlTexture(void)const " (?getGlTexture@_InputArray@cv@@UBE?AVGlTexture@2@XZ)
     1>detectGreenBlock.obj : error LNK2001: 无法解析的外部符号 "public: virtual class cv::GlTexture __thiscall cv::_InputArray::getGlTexture(void)const " (?getGlTexture@_InputArray@cv@@UBE?AVGlTexture@2@XZ)
     1>detectRedBlock.obj : error LNK2001: 无法解析的外部符号 "public: virtual class cv::GlTexture __thiscall cv::_InputArray::getGlTexture(void)const " (?getGlTexture@_InputArray@cv@@UBE?AVGlTexture@2@XZ)
     1>detectYellowBlock.obj : error LNK2001: 无法解析的外部符号 "public: virtual class cv::GlTexture __thiscall cv::_InputArray::getGlTexture(void)const " (?getGlTexture@_InputArray@cv@@UBE?AVGlTexture@2@XZ)
     1>detectBlueBlock.obj : error LNK2001: 无法解析的外部符号 "public: virtual class cv::gpu::GpuMat __thiscall cv::_InputArray::getGpuMat(void)const " (?getGpuMat@_InputArray@cv@@UBE?AVGpuMat@gpu@2@XZ)
     1>detectGreenBlock.obj : error LNK2001: 无法解析的外部符号 "public: virtual class cv::gpu::GpuMat __thiscall cv::_InputArray::getGpuMat(void)const " (?getGpuMat@_InputArray@cv@@UBE?AVGpuMat@gpu@2@XZ)
     1>detectRedBlock.obj : error LNK2001: 无法解析的外部符号 "public: virtual class cv::gpu::GpuMat __thiscall cv::_InputArray::getGpuMat(void)const " (?getGpuMat@_InputArray@cv@@UBE?AVGpuMat@gpu@2@XZ)
     1>detectYellowBlock.obj : error LNK2001: 无法解析的外部符号 "public: virtual class cv::gpu::GpuMat __thiscall cv::_InputArray::getGpuMat(void)const " (?getGpuMat@_InputArray@cv@@UBE?AVGpuMat@gpu@2@XZ)
     1>detectBlueBlock.obj : error LNK2001: 无法解析的外部符号 "public: virtual int __thiscall cv::_InputArray::kind(void)const " (?kind@_InputArray@cv@@UBEHXZ)
     1>detectGreenBlock.obj : error LNK2001: 无法解析的外部符号 "public: virtual int __thiscall cv::_InputArray::kind(void)const " (?kind@_InputArray@cv@@UBEHXZ)
     1>detectRedBlock.obj : error LNK2001: 无法解析的外部符号 "public: virtual int __thiscall cv::_InputArray::kind(void)const " (?kind@_InputArray@cv@@UBEHXZ)
     1>detectYellowBlock.obj : error LNK2001: 无法解析的外部符号 "public: virtual int __thiscall cv::_InputArray::kind(void)const " (?kind@_InputArray@cv@@UBEHXZ)
     1>detectBlueBlock.obj : error LNK2001: 无法解析的外部符号 "public: virtual class cv::Size_<int> __thiscall cv::_InputArray::size(int)const " (?size@_InputArray@cv@@UBE?AV?$Size_@H@2@H@Z)
     1>detectGreenBlock.obj : error LNK2001: 无法解析的外部符号 "public: virtual class cv::Size_<int> __thiscall cv::_InputArray::size(int)const " (?size@_InputArray@cv@@UBE?AV?$Size_@H@2@H@Z)
     1>detectRedBlock.obj : error LNK2001: 无法解析的外部符号 "public: virtual class cv::Size_<int> __thiscall cv::_InputArray::size(int)const " (?size@_InputArray@cv@@UBE?AV?$Size_@H@2@H@Z)
     1>detectYellowBlock.obj : error LNK2001: 无法解析的外部符号 "public: virtual class cv::Size_<int> __thiscall cv::_InputArray::size(int)const " (?size@_InputArray@cv@@UBE?AV?$Size_@H@2@H@Z)
     1>detectBlueBlock.obj : error LNK2001: 无法解析的外部符号 "public: virtual unsigned int __thiscall cv::_InputArray::total(int)const " (?total@_InputArray@cv@@UBEIH@Z)
     1>detectGreenBlock.obj : error LNK2001: 无法解析的外部符号 "public: virtual unsigned int __thiscall cv::_InputArray::total(int)const " (?total@_InputArray@cv@@UBEIH@Z)
     1>detectRedBlock.obj : error LNK2001: 无法解析的外部符号 "public: virtual unsigned int __thiscall cv::_InputArray::total(int)const " (?total@_InputArray@cv@@UBEIH@Z)
     1>detectYellowBlock.obj : error LNK2001: 无法解析的外部符号 "public: virtual unsigned int __thiscall cv::_InputArray::total(int)const " (?total@_InputArray@cv@@UBEIH@Z)
     1>detectBlueBlock.obj : error LNK2001: 无法解析的外部符号 "public: virtual int __thiscall cv::_InputArray::type(int)const " (?type@_InputArray@cv@@UBEHH@Z)
     1>detectGreenBlock.obj : error LNK2001: 无法解析的外部符号 "public: virtual int __thiscall cv::_InputArray::type(int)const " (?type@_InputArray@cv@@UBEHH@Z)
     1>detectRedBlock.obj : error LNK2001: 无法解析的外部符号 "public: virtual int __thiscall cv::_InputArray::type(int)const " (?type@_InputArray@cv@@UBEHH@Z)
     1>detectYellowBlock.obj : error LNK2001: 无法解析的外部符号 "public: virtual int __thiscall cv::_InputArray::type(int)const " (?type@_InputArray@cv@@UBEHH@Z)
     1>detectBlueBlock.obj : error LNK2001: 无法解析的外部符号 "public: virtual int __thiscall cv::_InputArray::depth(int)const " (?depth@_InputArray@cv@@UBEHH@Z)
     1>detectGreenBlock.obj : error LNK2001: 无法解析的外部符号 "public: virtual int __thiscall cv::_InputArray::depth(int)const " (?depth@_InputArray@cv@@UBEHH@Z)
     1>detectRedBlock.obj : error LNK2001: 无法解析的外部符号 "public: virtual int __thiscall cv::_InputArray::depth(int)const " (?depth@_InputArray@cv@@UBEHH@Z)
     1>detectYellowBlock.obj : error LNK2001: 无法解析的外部符号 "public: virtual int __thiscall cv::_InputArray::depth(int)const " (?depth@_InputArray@cv@@UBEHH@Z)
     1>detectBlueBlock.obj : error LNK2001: 无法解析的外部符号 "public: virtual int __thiscall cv::_InputArray::channels(int)const " (?channels@_InputArray@cv@@UBEHH@Z)
     1>detectGreenBlock.obj : error LNK2001: 无法解析的外部符号 "public: virtual int __thiscall cv::_InputArray::channels(int)const " (?channels@_InputArray@cv@@UBEHH@Z)
     1>detectRedBlock.obj : error LNK2001: 无法解析的外部符号 "public: virtual int __thiscall cv::_InputArray::channels(int)const " (?channels@_InputArray@cv@@UBEHH@Z)
     1>detectYellowBlock.obj : error LNK2001: 无法解析的外部符号 "public: virtual int __thiscall cv::_InputArray::channels(int)const " (?channels@_InputArray@cv@@UBEHH@Z)
     1>detectBlueBlock.obj : error LNK2001: 无法解析的外部符号 "public: virtual bool __thiscall cv::_InputArray::empty(void)const " (?empty@_InputArray@cv@@UBE_NXZ)
     1>detectGreenBlock.obj : error LNK2001: 无法解析的外部符号 "public: virtual bool __thiscall cv::_InputArray::empty(void)const " (?empty@_InputArray@cv@@UBE_NXZ)
     1>detectRedBlock.obj : error LNK2001: 无法解析的外部符号 "public: virtual bool __thiscall cv::_InputArray::empty(void)const " (?empty@_InputArray@cv@@UBE_NXZ)
     1>detectYellowBlock.obj : error LNK2001: 无法解析的外部符号 "public: virtual bool __thiscall cv::_InputArray::empty(void)const " (?empty@_InputArray@cv@@UBE_NXZ)
     1>detectBlueBlock.obj : error LNK2001: 无法解析的外部符号 "public: virtual bool __thiscall cv::_OutputArray::fixedSize(void)const " (?fixedSize@_OutputArray@cv@@UBE_NXZ)
     1>detectGreenBlock.obj : error LNK2001: 无法解析的外部符号 "public: virtual bool __thiscall cv::_OutputArray::fixedSize(void)const " (?fixedSize@_OutputArray@cv@@UBE_NXZ)
     1>detectRedBlock.obj : error LNK2001: 无法解析的外部符号 "public: virtual bool __thiscall cv::_OutputArray::fixedSize(void)const " (?fixedSize@_OutputArray@cv@@UBE_NXZ)
     1>detectYellowBlock.obj : error LNK2001: 无法解析的外部符号 "public: virtual bool __thiscall cv::_OutputArray::fixedSize(void)const " (?fixedSize@_OutputArray@cv@@UBE_NXZ)
     1>detectBlueBlock.obj : error LNK2001: 无法解析的外部符号 "public: virtual bool __thiscall cv::_OutputArray::fixedType(void)const " (?fixedType@_OutputArray@cv@@UBE_NXZ)
     1>detectGreenBlock.obj : error LNK2001: 无法解析的外部符号 "public: virtual bool __thiscall cv::_OutputArray::fixedType(void)const " (?fixedType@_OutputArray@cv@@UBE_NXZ)
     1>detectRedBlock.obj : error LNK2001: 无法解析的外部符号 "public: virtual bool __thiscall cv::_OutputArray::fixedType(void)const " (?fixedType@_OutputArray@cv@@UBE_NXZ)
     1>detectYellowBlock.obj : error LNK2001: 无法解析的外部符号 "public: virtual bool __thiscall cv::_OutputArray::fixedType(void)const " (?fixedType@_OutputArray@cv@@UBE_NXZ)
     1>detectBlueBlock.obj : error LNK2001: 无法解析的外部符号 "public: virtual bool __thiscall cv::_OutputArray::needed(void)const " (?needed@_OutputArray@cv@@UBE_NXZ)
     1>detectGreenBlock.obj : error LNK2001: 无法解析的外部符号 "public: virtual bool __thiscall cv::_OutputArray::needed(void)const " (?needed@_OutputArray@cv@@UBE_NXZ)
     1>detectRedBlock.obj : error LNK2001: 无法解析的外部符号 "public: virtual bool __thiscall cv::_OutputArray::needed(void)const " (?needed@_OutputArray@cv@@UBE_NXZ)
     1>detectYellowBlock.obj : error LNK2001: 无法解析的外部符号 "public: virtual bool __thiscall cv::_OutputArray::needed(void)const " (?needed@_OutputArray@cv@@UBE_NXZ)
     1>detectBlueBlock.obj : error LNK2001: 无法解析的外部符号 "public: virtual class cv::Mat & __thiscall cv::_OutputArray::getMatRef(int)const " (?getMatRef@_OutputArray@cv@@UBEAAVMat@2@H@Z)
     1>detectGreenBlock.obj : error LNK2001: 无法解析的外部符号 "public: virtual class cv::Mat & __thiscall cv::_OutputArray::getMatRef(int)const " (?getMatRef@_OutputArray@cv@@UBEAAVMat@2@H@Z)
     1>detectRedBlock.obj : error LNK2001: 无法解析的外部符号 "public: virtual class cv::Mat & __thiscall cv::_OutputArray::getMatRef(int)const " (?getMatRef@_OutputArray@cv@@UBEAAVMat@2@H@Z)
     1>detectYellowBlock.obj : error LNK2001: 无法解析的外部符号 "public: virtual class cv::Mat & __thiscall cv::_OutputArray::getMatRef(int)const " (?getMatRef@_OutputArray@cv@@UBEAAVMat@2@H@Z)
     1>detectBlueBlock.obj : error LNK2001: 无法解析的外部符号 "public: virtual void __thiscall cv::_OutputArray::create(int,int const *,int,int,bool,int)const " (?create@_OutputArray@cv@@UBEXHPBHHH_NH@Z)
     1>detectGreenBlock.obj : error LNK2001: 无法解析的外部符号 "public: virtual void __thiscall cv::_OutputArray::create(int,int const *,int,int,bool,int)const " (?create@_OutputArray@cv@@UBEXHPBHHH_NH@Z)
     1>detectRedBlock.obj : error LNK2001: 无法解析的外部符号 "public: virtual void __thiscall cv::_OutputArray::create(int,int const *,int,int,bool,int)const " (?create@_OutputArray@cv@@UBEXHPBHHH_NH@Z)
     1>detectYellowBlock.obj : error LNK2001: 无法解析的外部符号 "public: virtual void __thiscall cv::_OutputArray::create(int,int const *,int,int,bool,int)const " (?create@_OutputArray@cv@@UBEXHPBHHH_NH@Z)
     1>detectBlueBlock.obj : error LNK2001: 无法解析的外部符号 "public: virtual void __thiscall cv::_OutputArray::create(int,int,int,int,bool,int)const " (?create@_OutputArray@cv@@UBEXHHHH_NH@Z)
     1>detectGreenBlock.obj : error LNK2001: 无法解析的外部符号 "public: virtual void __thiscall cv::_OutputArray::create(int,int,int,int,bool,int)const " (?create@_OutputArray@cv@@UBEXHHHH_NH@Z)
     1>detectRedBlock.obj : error LNK2001: 无法解析的外部符号 "public: virtual void __thiscall cv::_OutputArray::create(int,int,int,int,bool,int)const " (?create@_OutputArray@cv@@UBEXHHHH_NH@Z)
     1>detectYellowBlock.obj : error LNK2001: 无法解析的外部符号 "public: virtual void __thiscall cv::_OutputArray::create(int,int,int,int,bool,int)const " (?create@_OutputArray@cv@@UBEXHHHH_NH@Z)
     1>detectBlueBlock.obj : error LNK2001: 无法解析的外部符号 "public: virtual void __thiscall cv::_OutputArray::create(class cv::Size_<int>,int,int,bool,int)const " (?create@_OutputArray@cv@@UBEXV?$Size_@H@2@HH_NH@Z)
     1>detectGreenBlock.obj : error LNK2001: 无法解析的外部符号 "public: virtual void __thiscall cv::_OutputArray::create(class cv::Size_<int>,int,int,bool,int)const " (?create@_OutputArray@cv@@UBEXV?$Size_@H@2@HH_NH@Z)
     1>detectRedBlock.obj : error LNK2001: 无法解析的外部符号 "public: virtual void __thiscall cv::_OutputArray::create(class cv::Size_<int>,int,int,bool,int)const " (?create@_OutputArray@cv@@UBEXV?$Size_@H@2@HH_NH@Z)
     1>detectYellowBlock.obj : error LNK2001: 无法解析的外部符号 "public: virtual void __thiscall cv::_OutputArray::create(class cv::Size_<int>,int,int,bool,int)const " (?create@_OutputArray@cv@@UBEXV?$Size_@H@2@HH_NH@Z)
     1>detectBlueBlock.obj : error LNK2001: 无法解析的外部符号 "public: virtual void __thiscall cv::_OutputArray::release(void)const " (?release@_OutputArray@cv@@UBEXXZ)
     1>detectGreenBlock.obj : error LNK2001: 无法解析的外部符号 "public: virtual void __thiscall cv::_OutputArray::release(void)const " (?release@_OutputArray@cv@@UBEXXZ)
     1>detectRedBlock.obj : error LNK2001: 无法解析的外部符号 "public: virtual void __thiscall cv::_OutputArray::release(void)const " (?release@_OutputArray@cv@@UBEXXZ)
     1>detectYellowBlock.obj : error LNK2001: 无法解析的外部符号 "public: virtual void __thiscall cv::_OutputArray::release(void)const " (?release@_OutputArray@cv@@UBEXXZ)
     1>detectBlueBlock.obj : error LNK2001: 无法解析的外部符号 "public: virtual void __thiscall cv::_OutputArray::clear(void)const " (?clear@_OutputArray@cv@@UBEXXZ)
     1>detectGreenBlock.obj : error LNK2001: 无法解析的外部符号 "public: virtual void __thiscall cv::_OutputArray::clear(void)const " (?clear@_OutputArray@cv@@UBEXXZ)
     1>detectRedBlock.obj : error LNK2001: 无法解析的外部符号 "public: virtual void __thiscall cv::_OutputArray::clear(void)const " (?clear@_OutputArray@cv@@UBEXXZ)
     1>detectYellowBlock.obj : error LNK2001: 无法解析的外部符号 "public: virtual void __thiscall cv::_OutputArray::clear(void)const " (?clear@_OutputArray@cv@@UBEXXZ)
     1>detectGreenBlock.obj : error LNK2019: 无法解析的外部符号 "void __cdecl cv::imshow(class std::basic_string<char,struct std::char_traits<char>,class std::allocator<char> > const &,class cv::_InputArray const &)" (?imshow@cv@@YAXABV?$basic_string@DU?$char_traits@D@std@@V?$allocator@D@2@@std@@ABV_InputArray@1@@Z)，该符号在函数 "char __cdecl detectGreenBlock(class cv::Mat)" (?detectGreenBlock@@YADVMat@cv@@@Z) 中被引用
     1>detectRedBlock.obj : error LNK2001: 无法解析的外部符号 "void __cdecl cv::imshow(class std::basic_string<char,struct std::char_traits<char>,class std::allocator<char> > const &,class cv::_InputArray const &)" (?imshow@cv@@YAXABV?$basic_string@DU?$char_traits@D@std@@V?$allocator@D@2@@std@@ABV_InputArray@1@@Z)
     1>detectObject.obj : error LNK2019: 无法解析的外部符号 "public: void __thiscall cv::BOWImgDescriptorExtractor::compute(class cv::Mat const &,class std::vector<class cv::KeyPoint,class std::allocator<class cv::KeyPoint> > &,class cv::Mat &,class std::vector<class std::vector<int,class std::allocator<int> >,class std::allocator<class std::vector<int,class std::allocator<int> > > > *,class cv::Mat *)" (?compute@BOWImgDescriptorExtractor@cv@@QAEXABVMat@2@AAV?$vector@VKeyPoint@cv@@V?$allocator@VKeyPoint@cv@@@std@@@std@@AAV32@PAV?$vector@V?$vector@HV?$allocator@H@std@@@std@@V?$allocator@V?$vector@HV?$allocator@H@std@@@std@@@2@@5@PAV32@@Z)，该符号在函数 "char __cdecl detectObject(class cv::Mat)" (?detectObject@@YADVMat@cv@@@Z) 中被引用
     1>detectObject.obj : error LNK2019: 无法解析的外部符号 "public: void __thiscall cv::FeatureDetector::detect(class cv::Mat const &,class std::vector<class cv::KeyPoint,class std::allocator<class cv::KeyPoint> > &,class cv::Mat const &)const " (?detect@FeatureDetector@cv@@QBEXABVMat@2@AAV?$vector@VKeyPoint@cv@@V?$allocator@VKeyPoint@cv@@@std@@@std@@0@Z)，该符号在函数 "char __cdecl detectObject(class cv::Mat)" (?detectObject@@YADVMat@cv@@@Z) 中被引用
     1>surfFeaturedetect.obj : error LNK2001: 无法解析的外部符号 "public: void __thiscall cv::FeatureDetector::detect(class cv::Mat const &,class std::vector<class cv::KeyPoint,class std::allocator<class cv::KeyPoint> > &,class cv::Mat const &)const " (?detect@FeatureDetector@cv@@QBEXABVMat@2@AAV?$vector@VKeyPoint@cv@@V?$allocator@VKeyPoint@cv@@@std@@@std@@0@Z)
     1>detectObject.obj : error LNK2019: 无法解析的外部符号 "public: void __thiscall cv::BOWImgDescriptorExtractor::setVocabulary(class cv::Mat const &)" (?setVocabulary@BOWImgDescriptorExtractor@cv@@QAEXABVMat@2@@Z)，该符号在函数 "char __cdecl detectObject(class cv::Mat)" (?detectObject@@YADVMat@cv@@@Z) 中被引用
     1>detectObject.obj : error LNK2019: 无法解析的外部符号 "public: __thiscall cv::BOWImgDescriptorExtractor::BOWImgDescriptorExtractor(class cv::Ptr<class cv::DescriptorExtractor> const &,class cv::Ptr<class cv::DescriptorMatcher> const &)" (??0BOWImgDescriptorExtractor@cv@@QAE@ABV?$Ptr@VDescriptorExtractor@cv@@@1@ABV?$Ptr@VDescriptorMatcher@cv@@@1@@Z)，该符号在函数 "char __cdecl detectObject(class cv::Mat)" (?detectObject@@YADVMat@cv@@@Z) 中被引用
     1>detectObject.obj : error LNK2019: 无法解析的外部符号 "public: virtual __thiscall cv::FileStorage::~FileStorage(void)" (??1FileStorage@cv@@UAE@XZ)，该符号在函数 "char __cdecl detectObject(class cv::Mat)" (?detectObject@@YADVMat@cv@@@Z) 中被引用
     1>detectObject.obj : error LNK2019: 无法解析的外部符号 "public: class cv::FileNode __thiscall cv::FileStorage::operator[](char const *)const " (??AFileStorage@cv@@QBE?AVFileNode@1@PBD@Z)，该符号在函数 "char __cdecl detectObject(class cv::Mat)" (?detectObject@@YADVMat@cv@@@Z) 中被引用
     1>detectObject.obj : error LNK2019: 无法解析的外部符号 "public: virtual bool __thiscall cv::FileStorage::isOpened(void)const " (?isOpened@FileStorage@cv@@UBE_NXZ)，该符号在函数 "char __cdecl detectObject(class cv::Mat)" (?detectObject@@YADVMat@cv@@@Z) 中被引用
     1>detectObject.obj : error LNK2019: 无法解析的外部符号 "public: __thiscall cv::FileStorage::FileStorage(class std::basic_string<char,struct std::char_traits<char>,class std::allocator<char> > const &,int,class std::basic_string<char,struct std::char_traits<char>,class std::allocator<char> > const &)" (??0FileStorage@cv@@QAE@ABV?$basic_string@DU?$char_traits@D@std@@V?$allocator@D@2@@std@@H0@Z)，该符号在函数 "char __cdecl detectObject(class cv::Mat)" (?detectObject@@YADVMat@cv@@@Z) 中被引用
     1>detectObject.obj : error LNK2019: 无法解析的外部符号 "public: static class cv::Ptr<class cv::DescriptorMatcher> __cdecl cv::DescriptorMatcher::create(class std::basic_string<char,struct std::char_traits<char>,class std::allocator<char> > const &)" (?create@DescriptorMatcher@cv@@SA?AV?$Ptr@VDescriptorMatcher@cv@@@2@ABV?$basic_string@DU?$char_traits@D@std@@V?$allocator@D@2@@std@@@Z)，该符号在函数 "char __cdecl detectObject(class cv::Mat)" (?detectObject@@YADVMat@cv@@@Z) 中被引用
     1>detectObject.obj : error LNK2019: 无法解析的外部符号 "public: static class cv::Ptr<class cv::DescriptorExtractor> __cdecl cv::DescriptorExtractor::create(class std::basic_string<char,struct std::char_traits<char>,class std::allocator<char> > const &)" (?create@DescriptorExtractor@cv@@SA?AV?$Ptr@VDescriptorExtractor@cv@@@2@ABV?$basic_string@DU?$char_traits@D@std@@V?$allocator@D@2@@std@@@Z)，该符号在函数 "char __cdecl detectObject(class cv::Mat)" (?detectObject@@YADVMat@cv@@@Z) 中被引用
     1>detectObject.obj : error LNK2019: 无法解析的外部符号 "public: static class cv::Ptr<class cv::FeatureDetector> __cdecl cv::FeatureDetector::create(class std::basic_string<char,struct std::char_traits<char>,class std::allocator<char> > const &)" (?create@FeatureDetector@cv@@SA?AV?$Ptr@VFeatureDetector@cv@@@2@ABV?$basic_string@DU?$char_traits@D@std@@V?$allocator@D@2@@std@@@Z)，该符号在函数 "char __cdecl detectObject(class cv::Mat)" (?detectObject@@YADVMat@cv@@@Z) 中被引用
     1>detectObject.obj : error LNK2019: 无法解析的外部符号 "class cv::FileStorage & __cdecl cv::operator<<(class cv::FileStorage &,class std::basic_string<char,struct std::char_traits<char>,class std::allocator<char> > const &)" (??6cv@@YAAAVFileStorage@0@AAV10@ABV?$basic_string@DU?$char_traits@D@std@@V?$allocator@D@2@@std@@@Z)，该符号在函数 "class cv::FileStorage & __cdecl cv::operator<<(class cv::FileStorage &,char const *)" (??6cv@@YAAAVFileStorage@0@AAV10@PBD@Z) 中被引用
     1>detectObject.obj : error LNK2019: 无法解析的外部符号 "public: virtual __thiscall cv::BOWKMeansTrainer::~BOWKMeansTrainer(void)" (??1BOWKMeansTrainer@cv@@UAE@XZ)，该符号在函数 "class cv::Mat __cdecl BuildVocabulary(class std::basic_string<char,struct std::char_traits<char>,class std::allocator<char> > const &,class std::vector<class std::basic_string<char,struct std::char_traits<char>,class std::allocator<char> >,class std::allocator<class std::basic_string<char,struct std::char_traits<char>,class std::allocator<char> > > > const &,class cv::Ptr<class cv::FeatureDetector> const &,class cv::Ptr<class cv::DescriptorExtractor> const &,int)" (?BuildVocabulary@@YA?AVMat@cv@@ABV?$basic_string@DU?$char_traits@D@std@@V?$allocator@D@2@@std@@ABV?$vector@V?$basic_string@DU?$char_traits@D@std@@V?$allocator@D@2@@std@@V?$allocator@V?$basic_string@DU?$char_traits@D@std@@V?$allocator@D@2@@std@@@2@@4@ABV?$Ptr@VFeatureDetector@cv@@@2@ABV?$Ptr@VDescriptorExtractor@cv@@@2@H@Z) 中被引用
     1>detectObject.obj : error LNK2019: 无法解析的外部符号 "public: virtual class cv::Mat __thiscall cv::BOWKMeansTrainer::cluster(class cv::Mat const &)const " (?cluster@BOWKMeansTrainer@cv@@UBE?AVMat@2@ABV32@@Z)，该符号在函数 "class cv::Mat __cdecl BuildVocabulary(class std::basic_string<char,struct std::char_traits<char>,class std::allocator<char> > const &,class std::vector<class std::basic_string<char,struct std::char_traits<char>,class std::allocator<char> >,class std::allocator<class std::basic_string<char,struct std::char_traits<char>,class std::allocator<char> > > > const &,class cv::Ptr<class cv::FeatureDetector> const &,class cv::Ptr<class cv::DescriptorExtractor> const &,int)" (?BuildVocabulary@@YA?AVMat@cv@@ABV?$basic_string@DU?$char_traits@D@std@@V?$allocator@D@2@@std@@ABV?$vector@V?$basic_string@DU?$char_traits@D@std@@V?$allocator@D@2@@std@@V?$allocator@V?$basic_string@DU?$char_traits@D@std@@V?$allocator@D@2@@std@@@2@@4@ABV?$Ptr@VFeatureDetector@cv@@@2@ABV?$Ptr@VDescriptorExtractor@cv@@@2@H@Z) 中被引用
     1>detectObject.obj : error LNK2019: 无法解析的外部符号 "public: __thiscall cv::BOWKMeansTrainer::BOWKMeansTrainer(int,class cv::TermCriteria const &,int,int)" (??0BOWKMeansTrainer@cv@@QAE@HABVTermCriteria@1@HH@Z)，该符号在函数 "class cv::Mat __cdecl BuildVocabulary(class std::basic_string<char,struct std::char_traits<char>,class std::allocator<char> > const &,class std::vector<class std::basic_string<char,struct std::char_traits<char>,class std::allocator<char> >,class std::allocator<class std::basic_string<char,struct std::char_traits<char>,class std::allocator<char> > > > const &,class cv::Ptr<class cv::FeatureDetector> const &,class cv::Ptr<class cv::DescriptorExtractor> const &,int)" (?BuildVocabulary@@YA?AVMat@cv@@ABV?$basic_string@DU?$char_traits@D@std@@V?$allocator@D@2@@std@@ABV?$vector@V?$basic_string@DU?$char_traits@D@std@@V?$allocator@D@2@@std@@V?$allocator@V?$basic_string@DU?$char_traits@D@std@@V?$allocator@D@2@@std@@@2@@4@ABV?$Ptr@VFeatureDetector@cv@@@2@ABV?$Ptr@VDescriptorExtractor@cv@@@2@H@Z) 中被引用
     1>detectObject.obj : error LNK2019: 无法解析的外部符号 "public: void __thiscall cv::Mat::push_back(class cv::Mat const &)" (?push_back@Mat@cv@@QAEXABV12@@Z)，该符号在函数 "class cv::Mat __cdecl BuildVocabulary(class std::basic_string<char,struct std::char_traits<char>,class std::allocator<char> > const &,class std::vector<class std::basic_string<char,struct std::char_traits<char>,class std::allocator<char> >,class std::allocator<class std::basic_string<char,struct std::char_traits<char>,class std::allocator<char> > > > const &,class cv::Ptr<class cv::FeatureDetector> const &,class cv::Ptr<class cv::DescriptorExtractor> const &,int)" (?BuildVocabulary@@YA?AVMat@cv@@ABV?$basic_string@DU?$char_traits@D@std@@V?$allocator@D@2@@std@@ABV?$vector@V?$basic_string@DU?$char_traits@D@std@@V?$allocator@D@2@@std@@V?$allocator@V?$basic_string@DU?$char_traits@D@std@@V?$allocator@D@2@@std@@@2@@4@ABV?$Ptr@VFeatureDetector@cv@@@2@ABV?$Ptr@VDescriptorExtractor@cv@@@2@H@Z) 中被引用
     1>detectObject.obj : error LNK2019: 无法解析的外部符号 "public: void __thiscall cv::DescriptorExtractor::compute(class cv::Mat const &,class std::vector<class cv::KeyPoint,class std::allocator<class cv::KeyPoint> > &,class cv::Mat &)const " (?compute@DescriptorExtractor@cv@@QBEXABVMat@2@AAV?$vector@VKeyPoint@cv@@V?$allocator@VKeyPoint@cv@@@std@@@std@@AAV32@@Z)，该符号在函数 "class cv::Mat __cdecl BuildVocabulary(class std::basic_string<char,struct std::char_traits<char>,class std::allocator<char> > const &,class std::vector<class std::basic_string<char,struct std::char_traits<char>,class std::allocator<char> >,class std::allocator<class std::basic_string<char,struct std::char_traits<char>,class std::allocator<char> > > > const &,class cv::Ptr<class cv::FeatureDetector> const &,class cv::Ptr<class cv::DescriptorExtractor> const &,int)" (?BuildVocabulary@@YA?AVMat@cv@@ABV?$basic_string@DU?$char_traits@D@std@@V?$allocator@D@2@@std@@ABV?$vector@V?$basic_string@DU?$char_traits@D@std@@V?$allocator@D@2@@std@@V?$allocator@V?$basic_string@DU?$char_traits@D@std@@V?$allocator@D@2@@std@@@2@@4@ABV?$Ptr@VFeatureDetector@cv@@@2@ABV?$Ptr@VDescriptorExtractor@cv@@@2@H@Z) 中被引用
     1>detectObject.obj : error LNK2019: 无法解析的外部符号 "public: __thiscall cv::SURF::SURF(double,int,int,bool,bool)" (??0SURF@cv@@QAE@NHH_N0@Z)，该符号在函数 "class cv::Mat __cdecl BuildVocabulary(class std::basic_string<char,struct std::char_traits<char>,class std::allocator<char> > const &,class std::vector<class std::basic_string<char,struct std::char_traits<char>,class std::allocator<char> >,class std::allocator<class std::basic_string<char,struct std::char_traits<char>,class std::allocator<char> > > > const &,class cv::Ptr<class cv::FeatureDetector> const &,class cv::Ptr<class cv::DescriptorExtractor> const &,int)" (?BuildVocabulary@@YA?AVMat@cv@@ABV?$basic_string@DU?$char_traits@D@std@@V?$allocator@D@2@@std@@ABV?$vector@V?$basic_string@DU?$char_traits@D@std@@V?$allocator@D@2@@std@@V?$allocator@V?$basic_string@DU?$char_traits@D@std@@V?$allocator@D@2@@std@@@2@@4@ABV?$Ptr@VFeatureDetector@cv@@@2@ABV?$Ptr@VDescriptorExtractor@cv@@@2@H@Z) 中被引用
     1>surfFeaturedetect.obj : error LNK2001: 无法解析的外部符号 "public: __thiscall cv::SURF::SURF(double,int,int,bool,bool)" (??0SURF@cv@@QAE@NHH_N0@Z)
     1>detectObject.obj : error LNK2019: 无法解析的外部符号 "class cv::Mat __cdecl cv::imread(class std::basic_string<char,struct std::char_traits<char>,class std::allocator<char> > const &,int)" (?imread@cv@@YA?AVMat@1@ABV?$basic_string@DU?$char_traits@D@std@@V?$allocator@D@2@@std@@H@Z)，该符号在函数 "class cv::Mat __cdecl BuildVocabulary(class std::basic_string<char,struct std::char_traits<char>,class std::allocator<char> > const &,class std::vector<class std::basic_string<char,struct std::char_traits<char>,class std::allocator<char> >,class std::allocator<class std::basic_string<char,struct std::char_traits<char>,class std::allocator<char> > > > const &,class cv::Ptr<class cv::FeatureDetector> const &,class cv::Ptr<class cv::DescriptorExtractor> const &,int)" (?BuildVocabulary@@YA?AVMat@cv@@ABV?$basic_string@DU?$char_traits@D@std@@V?$allocator@D@2@@std@@ABV?$vector@V?$basic_string@DU?$char_traits@D@std@@V?$allocator@D@2@@std@@V?$allocator@V?$basic_string@DU?$char_traits@D@std@@V?$allocator@D@2@@std@@@2@@4@ABV?$Ptr@VFeatureDetector@cv@@@2@ABV?$Ptr@VDescriptorExtractor@cv@@@2@H@Z) 中被引用
     1>surfFeaturedetect.obj : error LNK2001: 无法解析的外部符号 "class cv::Mat __cdecl cv::imread(class std::basic_string<char,struct std::char_traits<char>,class std::allocator<char> > const &,int)" (?imread@cv@@YA?AVMat@1@ABV?$basic_string@DU?$char_traits@D@std@@V?$allocator@D@2@@std@@H@Z)
     1>detectObject.obj : error LNK2019: 无法解析的外部符号 "public: virtual __thiscall cv::Algorithm::~Algorithm(void)" (??1Algorithm@cv@@UAE@XZ)，该符号在函数 "public: void __thiscall cv::SURF::`vbase destructor'(void)" (??_DSURF@cv@@QAEXXZ) 中被引用
     1>surfFeaturedetect.obj : error LNK2001: 无法解析的外部符号 "public: virtual __thiscall cv::Algorithm::~Algorithm(void)" (??1Algorithm@cv@@UAE@XZ)
     1>detectObject.obj : error LNK2019: 无法解析的外部符号 "public: virtual __thiscall cv::FeatureDetector::~FeatureDetector(void)" (??1FeatureDetector@cv@@UAE@XZ)，该符号在函数 "public: virtual __thiscall cv::Feature2D::~Feature2D(void)" (??1Feature2D@cv@@UAE@XZ) 中被引用
     1>surfFeaturedetect.obj : error LNK2001: 无法解析的外部符号 "public: virtual __thiscall cv::FeatureDetector::~FeatureDetector(void)" (??1FeatureDetector@cv@@UAE@XZ)
     1>detectObject.obj : error LNK2019: 无法解析的外部符号 "public: virtual __thiscall cv::DescriptorExtractor::~DescriptorExtractor(void)" (??1DescriptorExtractor@cv@@UAE@XZ)，该符号在函数 "public: virtual __thiscall cv::Feature2D::~Feature2D(void)" (??1Feature2D@cv@@UAE@XZ) 中被引用
     1>surfFeaturedetect.obj : error LNK2001: 无法解析的外部符号 "public: virtual __thiscall cv::DescriptorExtractor::~DescriptorExtractor(void)" (??1DescriptorExtractor@cv@@UAE@XZ)
     1>detectObject.obj : error LNK2019: 无法解析的外部符号 "public: virtual bool __thiscall cv::FileStorage::open(class std::basic_string<char,struct std::char_traits<char>,class std::allocator<char> > const &,int,class std::basic_string<char,struct std::char_traits<char>,class std::allocator<char> > const &)" (?open@FileStorage@cv@@UAE_NABV?$basic_string@DU?$char_traits@D@std@@V?$allocator@D@2@@std@@H0@Z)，该符号在函数 "void __cdecl ComputeBowImageDescriptors(class std::basic_string<char,struct std::char_traits<char>,class std::allocator<char> > const &,class std::vector<class std::basic_string<char,struct std::char_traits<char>,class std::allocator<char> >,class std::allocator<class std::basic_string<char,struct std::char_traits<char>,class std::allocator<char> > > > const &,class cv::Ptr<class cv::FeatureDetector> const &,class cv::Ptr<class cv::BOWImgDescriptorExtractor> &,class std::basic_string<char,struct std::char_traits<char>,class std::allocator<char> > const &,class std::map<class std::basic_string<char,struct std::char_traits<char>,class std::allocator<char> >,class cv::Mat,struct std::less<class std::basic_string<char,struct std::char_traits<char>,class std::allocator<char> > >,class std::allocator<struct std::pair<class std::basic_string<char,struct std::char_traits<char>,class std::allocator<char> > const ,class cv::Mat> > > *)" (?ComputeBowImageDescriptors@@YAXABV?$basic_string@DU?$char_traits@D@std@@V?$allocator@D@2@@std@@ABV?$vector@V?$basic_string@DU?$char_traits@D@std@@V?$allocator@D@2@@std@@V?$allocator@V?$basic_string@DU?$char_traits@D@std@@V?$allocator@D@2@@std@@@2@@2@ABV?$Ptr@VFeatureDetector@cv@@@cv@@AAV?$Ptr@VBOWImgDescriptorExtractor@cv@@@5@0PAV?$map@V?$basic_string@DU?$char_traits@D@std@@V?$allocator@D@2@@std@@VMat@cv@@U?$less@V?$basic_string@DU?$char_traits@D@std@@V?$allocator@D@2@@std@@@2@V?$allocator@U?$pair@$$CBV?$basic_string@DU?$char_traits@D@std@@V?$allocator@D@2@@std@@VMat@cv@@@std@@@2@@2@@Z) 中被引用
     1>detectObject.obj : error LNK2019: 无法解析的外部符号 "public: virtual __thiscall CvSVM::~CvSVM(void)" (??1CvSVM@@UAE@XZ)，该符号在函数 "class std::basic_string<char,struct std::char_traits<char>,class std::allocator<char> > __cdecl classifyBySVM(class cv::Mat const &,class std::map<class std::basic_string<char,struct std::char_traits<char>,class std::allocator<char> >,class cv::Mat,struct std::less<class std::basic_string<char,struct std::char_traits<char>,class std::allocator<char> > >,class std::allocator<struct std::pair<class std::basic_string<char,struct std::char_traits<char>,class std::allocator<char> > const ,class cv::Mat> > > const &,class std::basic_string<char,struct std::char_traits<char>,class std::allocator<char> > const &)" (?classifyBySVM@@YA?AV?$basic_string@DU?$char_traits@D@std@@V?$allocator@D@2@@std@@ABVMat@cv@@ABV?$map@V?$basic_string@DU?$char_traits@D@std@@V?$allocator@D@2@@std@@VMat@cv@@U?$less@V?$basic_string@DU?$char_traits@D@std@@V?$allocator@D@2@@std@@@2@V?$allocator@U?$pair@$$CBV?$basic_string@DU?$char_traits@D@std@@V?$allocator@D@2@@std@@VMat@cv@@@std@@@2@@2@ABV12@@Z) 中被引用
     1>detectObject.obj : error LNK2019: 无法解析的外部符号 "public: virtual float __thiscall CvSVM::predict(class cv::Mat const &,bool)const " (?predict@CvSVM@@UBEMABVMat@cv@@_N@Z)，该符号在函数 "class std::basic_string<char,struct std::char_traits<char>,class std::allocator<char> > __cdecl classifyBySVM(class cv::Mat const &,class std::map<class std::basic_string<char,struct std::char_traits<char>,class std::allocator<char> >,class cv::Mat,struct std::less<class std::basic_string<char,struct std::char_traits<char>,class std::allocator<char> > >,class std::allocator<struct std::pair<class std::basic_string<char,struct std::char_traits<char>,class std::allocator<char> > const ,class cv::Mat> > > const &,class std::basic_string<char,struct std::char_traits<char>,class std::allocator<char> > const &)" (?classifyBySVM@@YA?AV?$basic_string@DU?$char_traits@D@std@@V?$allocator@D@2@@std@@ABVMat@cv@@ABV?$map@V?$basic_string@DU?$char_traits@D@std@@V?$allocator@D@2@@std@@VMat@cv@@U?$less@V?$basic_string@DU?$char_traits@D@std@@V?$allocator@D@2@@std@@@2@V?$allocator@U?$pair@$$CBV?$basic_string@DU?$char_traits@D@std@@V?$allocator@D@2@@std@@VMat@cv@@@std@@@2@@2@ABV12@@Z) 中被引用
     1>detectObject.obj : error LNK2019: 无法解析的外部符号 "public: virtual void __thiscall CvStatModel::save(char const *,char const *)const " (?save@CvStatModel@@UBEXPBD0@Z)，该符号在函数 "class std::basic_string<char,struct std::char_traits<char>,class std::allocator<char> > __cdecl classifyBySVM(class cv::Mat const &,class std::map<class std::basic_string<char,struct std::char_traits<char>,class std::allocator<char> >,class cv::Mat,struct std::less<class std::basic_string<char,struct std::char_traits<char>,class std::allocator<char> > >,class std::allocator<struct std::pair<class std::basic_string<char,struct std::char_traits<char>,class std::allocator<char> > const ,class cv::Mat> > > const &,class std::basic_string<char,struct std::char_traits<char>,class std::allocator<char> > const &)" (?classifyBySVM@@YA?AV?$basic_string@DU?$char_traits@D@std@@V?$allocator@D@2@@std@@ABVMat@cv@@ABV?$map@V?$basic_string@DU?$char_traits@D@std@@V?$allocator@D@2@@std@@VMat@cv@@U?$less@V?$basic_string@DU?$char_traits@D@std@@V?$allocator@D@2@@std@@@2@V?$allocator@U?$pair@$$CBV?$basic_string@DU?$char_traits@D@std@@V?$allocator@D@2@@std@@VMat@cv@@@std@@@2@@2@ABV12@@Z) 中被引用
     1>detectObject.obj : error LNK2019: 无法解析的外部符号 "public: virtual void __thiscall CvStatModel::load(char const *,char const *)" (?load@CvStatModel@@UAEXPBD0@Z)，该符号在函数 "class std::basic_string<char,struct std::char_traits<char>,class std::allocator<char> > __cdecl classifyBySVM(class cv::Mat const &,class std::map<class std::basic_string<char,struct std::char_traits<char>,class std::allocator<char> >,class cv::Mat,struct std::less<class std::basic_string<char,struct std::char_traits<char>,class std::allocator<char> > >,class std::allocator<struct std::pair<class std::basic_string<char,struct std::char_traits<char>,class std::allocator<char> > const ,class cv::Mat> > > const &,class std::basic_string<char,struct std::char_traits<char>,class std::allocator<char> > const &)" (?classifyBySVM@@YA?AV?$basic_string@DU?$char_traits@D@std@@V?$allocator@D@2@@std@@ABVMat@cv@@ABV?$map@V?$basic_string@DU?$char_traits@D@std@@V?$allocator@D@2@@std@@VMat@cv@@U?$less@V?$basic_string@DU?$char_traits@D@std@@V?$allocator@D@2@@std@@@2@V?$allocator@U?$pair@$$CBV?$basic_string@DU?$char_traits@D@std@@V?$allocator@D@2@@std@@VMat@cv@@@std@@@2@@2@ABV12@@Z) 中被引用
     1>detectObject.obj : error LNK2019: 无法解析的外部符号 "public: virtual void __thiscall cv::FileStorage::release(void)" (?release@FileStorage@cv@@UAEXXZ)，该符号在函数 "class std::basic_string<char,struct std::char_traits<char>,class std::allocator<char> > __cdecl classifyBySVM(class cv::Mat const &,class std::map<class std::basic_string<char,struct std::char_traits<char>,class std::allocator<char> >,class cv::Mat,struct std::less<class std::basic_string<char,struct std::char_traits<char>,class std::allocator<char> > >,class std::allocator<struct std::pair<class std::basic_string<char,struct std::char_traits<char>,class std::allocator<char> > const ,class cv::Mat> > > const &,class std::basic_string<char,struct std::char_traits<char>,class std::allocator<char> > const &)" (?classifyBySVM@@YA?AV?$basic_string@DU?$char_traits@D@std@@V?$allocator@D@2@@std@@ABVMat@cv@@ABV?$map@V?$basic_string@DU?$char_traits@D@std@@V?$allocator@D@2@@std@@VMat@cv@@U?$less@V?$basic_string@DU?$char_traits@D@std@@V?$allocator@D@2@@std@@@2@V?$allocator@U?$pair@$$CBV?$basic_string@DU?$char_traits@D@std@@V?$allocator@D@2@@std@@VMat@cv@@@std@@@2@@2@ABV12@@Z) 中被引用
     1>detectObject.obj : error LNK2019: 无法解析的外部符号 "public: __thiscall CvSVM::CvSVM(void)" (??0CvSVM@@QAE@XZ)，该符号在函数 "class std::basic_string<char,struct std::char_traits<char>,class std::allocator<char> > __cdecl classifyBySVM(class cv::Mat const &,class std::map<class std::basic_string<char,struct std::char_traits<char>,class std::allocator<char> >,class cv::Mat,struct std::less<class std::basic_string<char,struct std::char_traits<char>,class std::allocator<char> > >,class std::allocator<struct std::pair<class std::basic_string<char,struct std::char_traits<char>,class std::allocator<char> > const ,class cv::Mat> > > const &,class std::basic_string<char,struct std::char_traits<char>,class std::allocator<char> > const &)" (?classifyBySVM@@YA?AV?$basic_string@DU?$char_traits@D@std@@V?$allocator@D@2@@std@@ABVMat@cv@@ABV?$map@V?$basic_string@DU?$char_traits@D@std@@V?$allocator@D@2@@std@@VMat@cv@@U?$less@V?$basic_string@DU?$char_traits@D@std@@V?$allocator@D@2@@std@@@2@V?$allocator@U?$pair@$$CBV?$basic_string@DU?$char_traits@D@std@@V?$allocator@D@2@@std@@VMat@cv@@@std@@@2@@2@ABV12@@Z) 中被引用
     1>detectObject.obj : error LNK2019: 无法解析的外部符号 "public: __thiscall CvSVMParams::CvSVMParams(void)" (??0CvSVMParams@@QAE@XZ)，该符号在函数 "class std::basic_string<char,struct std::char_traits<char>,class std::allocator<char> > __cdecl classifyBySVM(class cv::Mat const &,class std::map<class std::basic_string<char,struct std::char_traits<char>,class std::allocator<char> >,class cv::Mat,struct std::less<class std::basic_string<char,struct std::char_traits<char>,class std::allocator<char> > >,class std::allocator<struct std::pair<class std::basic_string<char,struct std::char_traits<char>,class std::allocator<char> > const ,class cv::Mat> > > const &,class std::basic_string<char,struct std::char_traits<char>,class std::allocator<char> > const &)" (?classifyBySVM@@YA?AV?$basic_string@DU?$char_traits@D@std@@V?$allocator@D@2@@std@@ABVMat@cv@@ABV?$map@V?$basic_string@DU?$char_traits@D@std@@V?$allocator@D@2@@std@@VMat@cv@@U?$less@V?$basic_string@DU?$char_traits@D@std@@V?$allocator@D@2@@std@@@2@V?$allocator@U?$pair@$$CBV?$basic_string@DU?$char_traits@D@std@@V?$allocator@D@2@@std@@VMat@cv@@@std@@@2@@2@ABV12@@Z) 中被引用
     1>detectObject.obj : error LNK2019: 无法解析的外部符号 "void __cdecl cv::read(class cv::FileNode const &,class cv::Mat &,class cv::Mat const &)" (?read@cv@@YAXABVFileNode@1@AAVMat@1@ABV31@@Z)，该符号在函数 "void __cdecl cv::operator>><class cv::Mat>(class cv::FileNode const &,class cv::Mat &)" (??$?5VMat@cv@@@cv@@YAXABVFileNode@0@AAVMat@0@@Z) 中被引用
     1>detectObject.obj : error LNK2019: 无法解析的外部符号 "void __cdecl cv::write(class cv::FileStorage &,class std::basic_string<char,struct std::char_traits<char>,class std::allocator<char> > const &,class cv::Mat const &)" (?write@cv@@YAXAAVFileStorage@1@ABV?$basic_string@DU?$char_traits@D@std@@V?$allocator@D@2@@std@@ABVMat@1@@Z)，该符号在函数 "class cv::FileStorage & __cdecl cv::operator<<<class cv::Mat>(class cv::FileStorage &,class cv::Mat const &)" (??$?6VMat@cv@@@cv@@YAAAVFileStorage@0@AAV10@ABVMat@0@@Z) 中被引用
     1>detectObject.obj : error LNK2019: 无法解析的外部符号 "void * __cdecl cv::fastMalloc(unsigned int)" (?fastMalloc@cv@@YAPAXI@Z)，该符号在函数 "public: __thiscall cv::Ptr<class cv::BOWImgDescriptorExtractor>::Ptr<class cv::BOWImgDescriptorExtractor>(class cv::BOWImgDescriptorExtractor *)" (??0?$Ptr@VBOWImgDescriptorExtractor@cv@@@cv@@QAE@PAVBOWImgDescriptorExtractor@1@@Z) 中被引用
     1>surfFeaturedetect.obj : error LNK2001: 无法解析的外部符号 "void * __cdecl cv::fastMalloc(unsigned int)" (?fastMalloc@cv@@YAPAXI@Z)
     1>main.obj : error LNK2019: 无法解析的外部符号 "bool __cdecl cv::imwrite(class std::basic_string<char,struct std::char_traits<char>,class std::allocator<char> > const &,class cv::_InputArray const &,class std::vector<int,class std::allocator<int> > const &)" (?imwrite@cv@@YA_NABV?$basic_string@DU?$char_traits@D@std@@V?$allocator@D@2@@std@@ABV_InputArray@1@ABV?$vector@HV?$allocator@H@std@@@3@@Z)，该符号在函数 _main 中被引用
     1>video.obj : error LNK2001: 无法解析的外部符号 "bool __cdecl cv::imwrite(class std::basic_string<char,struct std::char_traits<char>,class std::allocator<char> > const &,class cv::_InputArray const &,class std::vector<int,class std::allocator<int> > const &)" (?imwrite@cv@@YA_NABV?$basic_string@DU?$char_traits@D@std@@V?$allocator@D@2@@std@@ABV_InputArray@1@ABV?$vector@HV?$allocator@H@std@@@3@@Z)
     1>main.obj : error LNK2019: 无法解析的外部符号 "public: __thiscall cv::VideoCapture::VideoCapture(int)" (??0VideoCapture@cv@@QAE@H@Z)，该符号在函数 "void __cdecl `dynamic initializer for 'capture''(void)" (??__Ecapture@@YAXXZ) 中被引用
     1>main.obj : error LNK2019: 无法解析的外部符号 "public: virtual __thiscall cv::VideoCapture::~VideoCapture(void)" (??1VideoCapture@cv@@UAE@XZ)，该符号在函数 "void __cdecl `dynamic atexit destructor for 'capture''(void)" (??__Fcapture@@YAXXZ) 中被引用
     1>surfFeaturedetect.obj : error LNK2019: 无法解析的外部符号 "public: void __thiscall cv::DescriptorMatcher::match(class cv::Mat const &,class cv::Mat const &,class std::vector<struct cv::DMatch,class std::allocator<struct cv::DMatch> > &,class cv::Mat const &)const " (?match@DescriptorMatcher@cv@@QBEXABVMat@2@0AAV?$vector@UDMatch@cv@@V?$allocator@UDMatch@cv@@@std@@@std@@0@Z)，该符号在函数 "bool __cdecl surfFeaturedetect(class cv::Mat,class std::basic_string<char,struct std::char_traits<char>,class std::allocator<char> >)" (?surfFeaturedetect@@YA_NVMat@cv@@V?$basic_string@DU?$char_traits@D@std@@V?$allocator@D@2@@std@@@Z) 中被引用
     1>surfFeaturedetect.obj : error LNK2019: 无法解析的外部符号 "public: __thiscall cv::FlannBasedMatcher::FlannBasedMatcher(class cv::Ptr<struct cv::flann::IndexParams> const &,class cv::Ptr<struct cv::flann::SearchParams> const &)" (??0FlannBasedMatcher@cv@@QAE@ABV?$Ptr@UIndexParams@flann@cv@@@1@ABV?$Ptr@USearchParams@flann@cv@@@1@@Z)，该符号在函数 "bool __cdecl surfFeaturedetect(class cv::Mat,class std::basic_string<char,struct std::char_traits<char>,class std::allocator<char> >)" (?surfFeaturedetect@@YA_NVMat@cv@@V?$basic_string@DU?$char_traits@D@std@@V?$allocator@D@2@@std@@@Z) 中被引用
     1>surfFeaturedetect.obj : error LNK2019: 无法解析的外部符号 "public: __thiscall cv::flann::KDTreeIndexParams::KDTreeIndexParams(int)" (??0KDTreeIndexParams@flann@cv@@QAE@H@Z)，该符号在函数 "bool __cdecl surfFeaturedetect(class cv::Mat,class std::basic_string<char,struct std::char_traits<char>,class std::allocator<char> >)" (?surfFeaturedetect@@YA_NVMat@cv@@V?$basic_string@DU?$char_traits@D@std@@V?$allocator@D@2@@std@@@Z) 中被引用
     1>surfFeaturedetect.obj : error LNK2019: 无法解析的外部符号 "public: __thiscall cv::flann::SearchParams::SearchParams(int,float,bool)" (??0SearchParams@flann@cv@@QAE@HM_N@Z)，该符号在函数 "bool __cdecl surfFeaturedetect(class cv::Mat,class std::basic_string<char,struct std::char_traits<char>,class std::allocator<char> >)" (?surfFeaturedetect@@YA_NVMat@cv@@V?$basic_string@DU?$char_traits@D@std@@V?$allocator@D@2@@std@@@Z) 中被引用
     1>surfFeaturedetect.obj : error LNK2019: 无法解析的外部符号 "public: void __thiscall cv::Feature2D::compute(class cv::Mat const &,class std::vector<class cv::KeyPoint,class std::allocator<class cv::KeyPoint> > &,class cv::Mat &)const " (?compute@Feature2D@cv@@QBEXABVMat@2@AAV?$vector@VKeyPoint@cv@@V?$allocator@VKeyPoint@cv@@@std@@@std@@AAV32@@Z)，该符号在函数 "bool __cdecl surfFeaturedetect(class cv::Mat,class std::basic_string<char,struct std::char_traits<char>,class std::allocator<char> >)" (?surfFeaturedetect@@YA_NVMat@cv@@V?$basic_string@DU?$char_traits@D@std@@V?$allocator@D@2@@std@@@Z) 中被引用
     1>surfFeaturedetect.obj : error LNK2019: 无法解析的外部符号 "public: __thiscall cv::SURF::SURF(void)" (??0SURF@cv@@QAE@XZ)，该符号在函数 "bool __cdecl surfFeaturedetect(class cv::Mat,class std::basic_string<char,struct std::char_traits<char>,class std::allocator<char> >)" (?surfFeaturedetect@@YA_NVMat@cv@@V?$basic_string@DU?$char_traits@D@std@@V?$allocator@D@2@@std@@@Z) 中被引用
     1>surfFeaturedetect.obj : error LNK2019: 无法解析的外部符号 "public: virtual __thiscall cv::DescriptorMatcher::~DescriptorMatcher(void)" (??1DescriptorMatcher@cv@@UAE@XZ)，该符号在函数 "public: virtual __thiscall cv::FlannBasedMatcher::~FlannBasedMatcher(void)" (??1FlannBasedMatcher@cv@@UAE@XZ) 中被引用
     1>surfFeaturedetect.obj : error LNK2019: 无法解析的外部符号 "public: virtual __thiscall cv::DescriptorMatcher::DescriptorCollection::~DescriptorCollection(void)" (??1DescriptorCollection@DescriptorMatcher@cv@@UAE@XZ)，该符号在函数 "public: virtual __thiscall cv::FlannBasedMatcher::~FlannBasedMatcher(void)" (??1FlannBasedMatcher@cv@@UAE@XZ) 中被引用
     1>surfFeaturedetect.obj : error LNK2019: 无法解析的外部符号 "public: __thiscall cv::flann::IndexParams::~IndexParams(void)" (??1IndexParams@flann@cv@@QAE@XZ)，该符号在函数 "public: void * __thiscall cv::flann::IndexParams::`scalar deleting destructor'(unsigned int)" (??_GIndexParams@flann@cv@@QAEPAXI@Z) 中被引用
     1>D:\user\Documents\VS2010\robotfan\Debug\robotfan.exe : fatal error LNK1120: 91 个无法解析的外部命令
     1>已完成生成项目“D:\user\Documents\VS2010\robotfan\robotfan\robotfan.vcxproj”(build 个目标)的操作 - 失败。

生成失败。

已用时间 00:00:02.65
