D:\user\Documents\VS2010\robotfan\robotfan\x64\Debug\cl.command.1.tlog
D:\user\Documents\VS2010\robotfan\robotfan\x64\Debug\CL.read.1.tlog
D:\user\Documents\VS2010\robotfan\robotfan\x64\Debug\CL.write.1.tlog
D:\USER\DOCUMENTS\VS2010\ROBOTFAN\ROBOTFAN\X64\DEBUG\DEFINENAME.OBJ
D:\USER\DOCUMENTS\VS2010\ROBOTFAN\ROBOTFAN\X64\DEBUG\DETECT_AREAC.OBJ
D:\USER\DOCUMENTS\VS2010\ROBOTFAN\ROBOTFAN\X64\DEBUG\DETECT_AREAD.OBJ
D:\USER\DOCUMENTS\VS2010\ROBOTFAN\ROBOTFAN\X64\DEBUG\DETECT_AREAE.OBJ
D:\USER\DOCUMENTS\VS2010\ROBOTFAN\ROBOTFAN\X64\DEBUG\DETECTBLOCK.OBJ
D:\USER\DOCUMENTS\VS2010\ROBOTFAN\ROBOTFAN\X64\DEBUG\DETECTBLUEBLOCK.OBJ
D:\USER\DOCUMENTS\VS2010\ROBOTFAN\ROBOTFAN\X64\DEBUG\DETECTGREENBLOCK.OBJ
D:\USER\DOCUMENTS\VS2010\ROBOTFAN\ROBOTFAN\X64\DEBUG\DETECTOBJECT.OBJ
D:\USER\DOCUMENTS\VS2010\ROBOTFAN\ROBOTFAN\X64\DEBUG\DETECTREDBLOCK.OBJ
D:\USER\DOCUMENTS\VS2010\ROBOTFAN\ROBOTFAN\X64\DEBUG\DETECTYELLOWBLOCK.OBJ
D:\user\Documents\VS2010\robotfan\robotfan\x64\Debug\link.4624.read.1.tlog
D:\user\Documents\VS2010\robotfan\robotfan\x64\Debug\link.4624.write.1.tlog
D:\user\Documents\VS2010\robotfan\robotfan\x64\Debug\link.4624-cvtres.read.1.tlog
D:\user\Documents\VS2010\robotfan\robotfan\x64\Debug\link.4624-cvtres.write.1.tlog
D:\user\Documents\VS2010\robotfan\robotfan\x64\Debug\link.command.1.tlog
D:\user\Documents\VS2010\robotfan\robotfan\x64\Debug\link.read.1.tlog
D:\user\Documents\VS2010\robotfan\robotfan\x64\Debug\link.write.1.tlog
D:\user\Documents\VS2010\robotfan\robotfan\x64\Debug\link-cvtres.read.1.tlog
D:\user\Documents\VS2010\robotfan\robotfan\x64\Debug\link-cvtres.write.1.tlog
D:\USER\DOCUMENTS\VS2010\ROBOTFAN\ROBOTFAN\X64\DEBUG\MAIN.OBJ
D:\USER\DOCUMENTS\VS2010\ROBOTFAN\ROBOTFAN\X64\DEBUG\MANAGER.OBJ
D:\user\Documents\VS2010\robotfan\robotfan\x64\Debug\mt.command.1.tlog
D:\user\Documents\VS2010\robotfan\robotfan\x64\Debug\mt.read.1.tlog
D:\user\Documents\VS2010\robotfan\robotfan\x64\Debug\mt.write.1.tlog
D:\user\Documents\VS2010\robotfan\robotfan\x64\Debug\rc.command.1.tlog
D:\user\Documents\VS2010\robotfan\robotfan\x64\Debug\rc.read.1.tlog
D:\user\Documents\VS2010\robotfan\robotfan\x64\Debug\rc.write.1.tlog
D:\USER\DOCUMENTS\VS2010\ROBOTFAN\ROBOTFAN\X64\DEBUG\ROBOTFAN.EXE.EMBED.MANIFEST
D:\USER\DOCUMENTS\VS2010\ROBOTFAN\ROBOTFAN\X64\DEBUG\ROBOTFAN.EXE.EMBED.MANIFEST.RES
D:\USER\DOCUMENTS\VS2010\ROBOTFAN\ROBOTFAN\X64\DEBUG\ROBOTFAN.EXE.INTERMEDIATE.MANIFEST
D:\USER\DOCUMENTS\VS2010\ROBOTFAN\ROBOTFAN\X64\DEBUG\ROBOTFAN.PCH
D:\user\Documents\VS2010\robotfan\robotfan\x64\Debug\robotfan.write.1.tlog
D:\user\Documents\VS2010\robotfan\robotfan\x64\Debug\robotfan_manifest.rc
D:\USER\DOCUMENTS\VS2010\ROBOTFAN\ROBOTFAN\X64\DEBUG\SERIALPORT.OBJ
D:\USER\DOCUMENTS\VS2010\ROBOTFAN\ROBOTFAN\X64\DEBUG\STDAFX.OBJ
D:\USER\DOCUMENTS\VS2010\ROBOTFAN\ROBOTFAN\X64\DEBUG\SURFFEATUREDETECT.OBJ
D:\user\Documents\VS2010\robotfan\robotfan\x64\Debug\vc100.idb
D:\USER\DOCUMENTS\VS2010\ROBOTFAN\ROBOTFAN\X64\DEBUG\VC100.PDB
D:\USER\DOCUMENTS\VS2010\ROBOTFAN\ROBOTFAN\X64\DEBUG\VIDEO.OBJ
D:\USER\DOCUMENTS\VS2010\ROBOTFAN\ROBOTFAN\X64\DEBUG\VOICE.OBJ
D:\USER\DOCUMENTS\VS2010\ROBOTFAN\X64\DEBUG\ROBOTFAN.EXE
D:\USER\DOCUMENTS\VS2010\ROBOTFAN\X64\DEBUG\ROBOTFAN.ILK
D:\USER\DOCUMENTS\VS2010\ROBOTFAN\X64\DEBUG\ROBOTFAN.PDB
